<?xml version="1.0" encoding="UTF-8"?>
<testsuite xmlns:xsi="http://www.w3.org/2001/XMLSchema-instance" xsi:noNamespaceSchemaLocation="https://maven.apache.org/surefire/maven-failsafe-plugin/xsd/failsafe-test-report-3.0.xsd" version="3.0" name="com.epam.brest.service.impl.BandDtoServiceImplIT" time="0.592" tests="1" errors="0" skipped="0" failures="0">
  <properties>
[...]
</properties>
  <testcase name="testShouldFindAllWithCountTrack" classname="com.epam.brest.service.impl.BandDtoServiceImplIT" time="0.057">
    <system-out><![CDATA[19:00:09.234 [main] DEBUG org.springframework.test.context.BootstrapUtils - Instantiating CacheAwareContextLoaderDelegate from class [org.springframework.test.context.cache.DefaultCacheAwareContextLoaderDelegate]
19:00:09.238 [main] DEBUG org.springframework.test.context.BootstrapUtils - Instantiating BootstrapContext using constructor [public org.springframework.test.context.support.DefaultBootstrapContext(java.lang.Class,org.springframework.test.context.CacheAwareContextLoaderDelegate)]
19:00:09.253 [main] DEBUG org.springframework.test.context.BootstrapUtils - Instantiating TestContextBootstrapper for test class [com.epam.brest.service.impl.BandDtoServiceImplIT] from class [org.springframework.test.context.support.DefaultTestContextBootstrapper]
19:00:09.257 [main] INFO org.springframework.test.context.support.DefaultTestContextBootstrapper - Neither @ContextConfiguration nor @ContextHierarchy found for test class [com.epam.brest.service.impl.BandDtoServiceImplIT], using DelegatingSmartContextLoader
19:00:09.259 [main] DEBUG org.springframework.test.context.support.AbstractDelegatingSmartContextLoader - Delegating to GenericXmlContextLoader to process context configuration [ContextConfigurationAttributes@73ee04c8 declaringClass = 'com.epam.brest.service.impl.BandDtoServiceImplIT', classes = '{}', locations = '{}', inheritLocations = false, initializers = '{}', inheritInitializers = true, name = [null], contextLoaderClass = 'org.springframework.test.context.ContextLoader'].
19:00:09.260 [main] DEBUG org.springframework.test.context.support.AbstractContextLoader - Did not detect default resource location for test class [com.epam.brest.service.impl.BandDtoServiceImplIT]: class path resource [com/epam/brest/service/impl/BandDtoServiceImplIT-context.xml] does not exist
19:00:09.260 [main] INFO org.springframework.test.context.support.AbstractContextLoader - Could not detect default resource locations for test class [com.epam.brest.service.impl.BandDtoServiceImplIT]: no resource found for suffixes {-context.xml}.
19:00:09.261 [main] DEBUG org.springframework.test.context.support.AbstractDelegatingSmartContextLoader - Delegating to AnnotationConfigContextLoader to process context configuration [ContextConfigurationAttributes@73ee04c8 declaringClass = 'com.epam.brest.service.impl.BandDtoServiceImplIT', classes = '{}', locations = '{}', inheritLocations = false, initializers = '{}', inheritInitializers = true, name = [null], contextLoaderClass = 'org.springframework.test.context.ContextLoader'].
19:00:09.261 [main] INFO org.springframework.test.context.support.AnnotationConfigContextLoaderUtils - Could not detect default configuration classes for test class [com.epam.brest.service.impl.BandDtoServiceImplIT]: BandDtoServiceImplIT does not declare any static, non-private, non-final, nested classes annotated with @Configuration.
19:00:09.288 [main] DEBUG org.springframework.test.context.support.ActiveProfilesUtils - Could not find an 'annotation declaring class' for annotation type [org.springframework.test.context.ActiveProfiles] and class [com.epam.brest.service.impl.BandDtoServiceImplIT]
19:00:09.289 [main] DEBUG org.springframework.test.context.support.DefaultTestContextBootstrapper - @TestExecutionListeners is not present for class [com.epam.brest.service.impl.BandDtoServiceImplIT]: using defaults.
19:00:09.289 [main] INFO org.springframework.test.context.support.DefaultTestContextBootstrapper - Loaded default TestExecutionListener class names from location [META-INF/spring.factories]: [org.springframework.boot.test.autoconfigure.restdocs.RestDocsTestExecutionListener, org.springframework.boot.test.autoconfigure.web.client.MockRestServiceServerResetTestExecutionListener, org.springframework.boot.test.autoconfigure.web.servlet.MockMvcPrintOnlyOnFailureTestExecutionListener, org.springframework.boot.test.autoconfigure.web.servlet.WebDriverTestExecutionListener, org.springframework.boot.test.autoconfigure.webservices.client.MockWebServiceServerTestExecutionListener, org.springframework.boot.test.mock.mockito.MockitoTestExecutionListener, org.springframework.boot.test.mock.mockito.ResetMocksTestExecutionListener, org.springframework.test.context.web.ServletTestExecutionListener, org.springframework.test.context.support.DirtiesContextBeforeModesTestExecutionListener, org.springframework.test.context.event.ApplicationEventsTestExecutionListener, org.springframework.test.context.support.DependencyInjectionTestExecutionListener, org.springframework.test.context.support.DirtiesContextTestExecutionListener, org.springframework.test.context.transaction.TransactionalTestExecutionListener, org.springframework.test.context.jdbc.SqlScriptsTestExecutionListener, org.springframework.test.context.event.EventPublishingTestExecutionListener]
19:00:09.292 [main] DEBUG org.springframework.test.context.support.DefaultTestContextBootstrapper - Skipping candidate TestExecutionListener [org.springframework.test.context.web.ServletTestExecutionListener] due to a missing dependency. Specify custom listener classes or make the default listener classes and their required dependencies available. Offending class: [javax/servlet/ServletContext]
19:00:09.295 [main] INFO org.springframework.test.context.support.DefaultTestContextBootstrapper - Using TestExecutionListeners: [org.springframework.test.context.support.DirtiesContextBeforeModesTestExecutionListener@7f485fda, org.springframework.test.context.event.ApplicationEventsTestExecutionListener@28261e8e, org.springframework.boot.test.mock.mockito.MockitoTestExecutionListener@d737b89, org.springframework.test.context.support.DependencyInjectionTestExecutionListener@8519cb4, org.springframework.test.context.support.DirtiesContextTestExecutionListener@35dab4eb, org.springframework.test.context.transaction.TransactionalTestExecutionListener@2d901eb0, org.springframework.test.context.jdbc.SqlScriptsTestExecutionListener@3ba987b8, org.springframework.test.context.event.EventPublishingTestExecutionListener@3f191845, org.springframework.boot.test.autoconfigure.restdocs.RestDocsTestExecutionListener@5f049ea1, org.springframework.boot.test.autoconfigure.web.client.MockRestServiceServerResetTestExecutionListener@72cc7e6f, org.springframework.boot.test.autoconfigure.web.servlet.MockMvcPrintOnlyOnFailureTestExecutionListener@5afa3c9, org.springframework.boot.test.autoconfigure.web.servlet.WebDriverTestExecutionListener@72035809, org.springframework.boot.test.autoconfigure.webservices.client.MockWebServiceServerTestExecutionListener@909217e, org.springframework.boot.test.mock.mockito.ResetMocksTestExecutionListener@18271936]
19:00:09.296 [main] DEBUG org.springframework.test.context.support.AbstractDirtiesContextTestExecutionListener - Before test class: context [DefaultTestContext@cc43f62 testClass = BandDtoServiceImplIT, testInstance = [null], testMethod = [null], testException = [null], mergedContextConfiguration = [MergedContextConfiguration@5b218417 testClass = BandDtoServiceImplIT, locations = '{}', classes = '{}', contextInitializerClasses = '[]', activeProfiles = '{}', propertySourceLocations = '{}', propertySourceProperties = '{}', contextCustomizers = set[org.springframework.boot.test.autoconfigure.actuate.metrics.MetricsExportContextCustomizerFactory$DisableMetricExportContextCustomizer@505fc5a4, org.springframework.boot.test.autoconfigure.properties.PropertyMappingContextCustomizer@0, org.springframework.boot.test.autoconfigure.web.servlet.WebDriverContextCustomizerFactory$Customizer@7c24b813, [ImportsContextCustomizer@645aa696 key = [com.epam.brest.service.config.ServiceTestConfig]], org.springframework.boot.test.context.filter.ExcludeFilterContextCustomizer@659499f1, org.springframework.boot.test.json.DuplicateJsonObjectContextCustomizerFactory$DuplicateJsonObjectContextCustomizer@201a4587, org.springframework.boot.test.mock.mockito.MockitoContextCustomizer@0], contextLoader = 'org.springframework.test.context.support.DelegatingSmartContextLoader', parent = [null]], attributes = map[[empty]]], class annotated with @DirtiesContext [false] with mode [null].
19:00:09.323 [main] DEBUG org.springframework.test.context.support.DependencyInjectionTestExecutionListener - Performing dependency injection for test context [[DefaultTestContext@cc43f62 testClass = BandDtoServiceImplIT, testInstance = com.epam.brest.service.impl.BandDtoServiceImplIT@700fb871, testMethod = [null], testException = [null], mergedContextConfiguration = [MergedContextConfiguration@5b218417 testClass = BandDtoServiceImplIT, locations = '{}', classes = '{}', contextInitializerClasses = '[]', activeProfiles = '{}', propertySourceLocations = '{}', propertySourceProperties = '{}', contextCustomizers = set[org.springframework.boot.test.autoconfigure.actuate.metrics.MetricsExportContextCustomizerFactory$DisableMetricExportContextCustomizer@505fc5a4, org.springframework.boot.test.autoconfigure.properties.PropertyMappingContextCustomizer@0, org.springframework.boot.test.autoconfigure.web.servlet.WebDriverContextCustomizerFactory$Customizer@7c24b813, [ImportsContextCustomizer@645aa696 key = [com.epam.brest.service.config.ServiceTestConfig]], org.springframework.boot.test.context.filter.ExcludeFilterContextCustomizer@659499f1, org.springframework.boot.test.json.DuplicateJsonObjectContextCustomizerFactory$DuplicateJsonObjectContextCustomizer@201a4587, org.springframework.boot.test.mock.mockito.MockitoContextCustomizer@0], contextLoader = 'org.springframework.test.context.support.DelegatingSmartContextLoader', parent = [null]], attributes = map['org.springframework.test.context.event.ApplicationEventsTestExecutionListener.recordApplicationEvents' -> false]]].
19:00:09.323 [main] DEBUG org.springframework.test.context.support.AbstractDelegatingSmartContextLoader - Delegating to AnnotationConfigContextLoader to load context from [MergedContextConfiguration@5b218417 testClass = BandDtoServiceImplIT, locations = '{}', classes = '{}', contextInitializerClasses = '[]', activeProfiles = '{}', propertySourceLocations = '{}', propertySourceProperties = '{}', contextCustomizers = set[org.springframework.boot.test.autoconfigure.actuate.metrics.MetricsExportContextCustomizerFactory$DisableMetricExportContextCustomizer@505fc5a4, org.springframework.boot.test.autoconfigure.properties.PropertyMappingContextCustomizer@0, org.springframework.boot.test.autoconfigure.web.servlet.WebDriverContextCustomizerFactory$Customizer@7c24b813, [ImportsContextCustomizer@645aa696 key = [com.epam.brest.service.config.ServiceTestConfig]], org.springframework.boot.test.context.filter.ExcludeFilterContextCustomizer@659499f1, org.springframework.boot.test.json.DuplicateJsonObjectContextCustomizerFactory$DuplicateJsonObjectContextCustomizer@201a4587, org.springframework.boot.test.mock.mockito.MockitoContextCustomizer@0], contextLoader = 'org.springframework.test.context.support.DelegatingSmartContextLoader', parent = [null]].
19:00:09.324 [main] DEBUG org.springframework.test.context.support.AbstractGenericContextLoader - Loading ApplicationContext for merged context configuration [[MergedContextConfiguration@5b218417 testClass = BandDtoServiceImplIT, locations = '{}', classes = '{}', contextInitializerClasses = '[]', activeProfiles = '{}', propertySourceLocations = '{}', propertySourceProperties = '{}', contextCustomizers = set[org.springframework.boot.test.autoconfigure.actuate.metrics.MetricsExportContextCustomizerFactory$DisableMetricExportContextCustomizer@505fc5a4, org.springframework.boot.test.autoconfigure.properties.PropertyMappingContextCustomizer@0, org.springframework.boot.test.autoconfigure.web.servlet.WebDriverContextCustomizerFactory$Customizer@7c24b813, [ImportsContextCustomizer@645aa696 key = [com.epam.brest.service.config.ServiceTestConfig]], org.springframework.boot.test.context.filter.ExcludeFilterContextCustomizer@659499f1, org.springframework.boot.test.json.DuplicateJsonObjectContextCustomizerFactory$DuplicateJsonObjectContextCustomizer@201a4587, org.springframework.boot.test.mock.mockito.MockitoContextCustomizer@0], contextLoader = 'org.springframework.test.context.support.DelegatingSmartContextLoader', parent = [null]]].
19:00:09.351 [main] DEBUG org.springframework.core.env.StandardEnvironment - Activating profiles []
19:00:09.351 [main] DEBUG org.springframework.test.context.support.AnnotationConfigContextLoader - Registering component classes: {}
19:00:09.368 [main] DEBUG org.springframework.context.support.GenericApplicationContext - Refreshing org.springframework.context.support.GenericApplicationContext@68746f22
19:00:09.375 [main] DEBUG org.springframework.beans.factory.support.DefaultListableBeanFactory - Creating shared instance of singleton bean 'org.springframework.context.annotation.internalConfigurationAnnotationProcessor'
19:00:09.422 [main] DEBUG org.springframework.beans.factory.support.DefaultListableBeanFactory - Creating shared instance of singleton bean 'org.springframework.boot.test.context.ImportsContextCustomizer$ImportsCleanupPostProcessor'
19:00:09.466 [main] DEBUG org.springframework.beans.factory.support.DefaultListableBeanFactory - Creating shared instance of singleton bean 'org.springframework.boot.test.mock.mockito.MockitoPostProcessor'
19:00:09.469 [main] DEBUG org.springframework.beans.factory.support.DefaultListableBeanFactory - Creating shared instance of singleton bean 'org.springframework.context.event.internalEventListenerProcessor'
19:00:09.470 [main] DEBUG org.springframework.beans.factory.support.DefaultListableBeanFactory - Creating shared instance of singleton bean 'org.springframework.context.event.internalEventListenerFactory'
19:00:09.471 [main] DEBUG org.springframework.beans.factory.support.DefaultListableBeanFactory - Creating shared instance of singleton bean 'org.springframework.context.annotation.internalAutowiredAnnotationProcessor'
19:00:09.472 [main] DEBUG org.springframework.beans.factory.support.DefaultListableBeanFactory - Creating shared instance of singleton bean 'org.springframework.context.annotation.internalCommonAnnotationProcessor'
19:00:09.474 [main] DEBUG org.springframework.beans.factory.support.DefaultListableBeanFactory - Creating shared instance of singleton bean 'org.springframework.boot.test.mock.mockito.MockitoPostProcessor$SpyPostProcessor'
19:00:09.477 [main] DEBUG org.springframework.beans.factory.support.DefaultListableBeanFactory - Creating shared instance of singleton bean 'com.epam.brest.service.config.ServiceTestConfig'
19:00:09.498 [main] DEBUG org.springframework.beans.factory.support.DefaultListableBeanFactory - Creating shared instance of singleton bean 'bandDtoDao'
19:00:09.507 [main] DEBUG org.springframework.beans.factory.support.DefaultListableBeanFactory - Creating shared instance of singleton bean 'namedParameterJdbcTemplate'
19:00:09.509 [main] DEBUG org.springframework.beans.factory.support.DefaultListableBeanFactory - Creating shared instance of singleton bean 'dataSource'
19:00:09.516 [main] INFO org.springframework.jdbc.datasource.embedded.EmbeddedDatabaseFactory - Starting embedded database: url='jdbc:h2:mem:testdb;DB_CLOSE_DELAY=-1;DB_CLOSE_ON_EXIT=false', username='sa'
19:00:09.518 [main] DEBUG org.springframework.jdbc.datasource.DataSourceUtils - Fetching JDBC Connection from DataSource
19:00:09.518 [main] DEBUG org.springframework.jdbc.datasource.SimpleDriverDataSource - Creating new JDBC Driver Connection to [jdbc:h2:mem:testdb;DB_CLOSE_DELAY=-1;DB_CLOSE_ON_EXIT=false]
19:00:09.602 [main] DEBUG org.springframework.jdbc.datasource.init.ScriptUtils - Executing SQL script from class path resource [create-db.sql]
19:00:09.605 [main] DEBUG org.springframework.jdbc.datasource.init.ScriptUtils - 0 returned as update count for SQL: DROP TABLE IF EXISTS band cascade
19:00:09.606 [main] DEBUG org.springframework.jdbc.datasource.init.ScriptUtils - 0 returned as update count for SQL: DROP TABLE IF EXISTS track cascade
19:00:09.614 [main] DEBUG org.springframework.jdbc.datasource.init.ScriptUtils - 0 returned as update count for SQL: CREATE TABLE IF NOT EXISTS band( band_id INT NOT NULL AUTO_INCREMENT, band_name VARCHAR(100) NOT NULL UNIQUE, band_details VARCHAR(1000), PRIMARY KEY (band_id) )
19:00:09.622 [main] DEBUG org.springframework.jdbc.datasource.init.ScriptUtils - 0 returned as update count for SQL: CREATE TABLE IF NOT EXISTS track ( track_id int NOT NULL AUTO_INCREMENT, track_name VARCHAR(100) NOT NULL, track_tempo INT, track_duration INT, track_details VARCHAR(2000), track_link VARCHAR(255), track_release_date DATE, track_band_id INT, CONSTRAINT track_pk PRIMARY KEY (track_id), CONSTRAINT track_band_fk FOREIGN KEY (track_band_id) REFERENCES band(band_id) )
19:00:09.622 [main] DEBUG org.springframework.jdbc.datasource.init.ScriptUtils - Executed SQL script from class path resource [create-db.sql] in 20 ms.
19:00:09.622 [main] DEBUG org.springframework.jdbc.datasource.init.ScriptUtils - Executing SQL script from class path resource [init-db.sql]
19:00:09.624 [main] DEBUG org.springframework.jdbc.datasource.init.ScriptUtils - 3 returned as update count for SQL: INSERT INTO band(band_id, band_name, band_details) VALUES (1, 'MY COVER BAND', 'Alternative&metal'), (2, 'MY BAND', 'metal'), (3, 'MUSE', 'Rock')
19:00:09.626 [main] DEBUG org.springframework.jdbc.datasource.init.ScriptUtils - 3 returned as update count for SQL: INSERT INTO track (track_id, track_name, track_tempo, track_duration, track_details, track_link, track_release_date, track_band_id) VALUES (1, 'Track1', 120, 135, 'super track1', 'http://spotify.com/sdfc7436w&d', '2000-03-12', 1), (2, 'Track2', 120, 200, 'super track2', 'http://spotify.com/sdfc74sds36&d', '2021-03-12', 1), (3, 'Track3', 120, 135, 'super track3', 'http://spotify.com/sdfc74sdsd36&d', '2012-03-12', 2)
19:00:09.627 [main] DEBUG org.springframework.jdbc.datasource.init.ScriptUtils - Executed SQL script from class path resource [init-db.sql] in 5 ms.
19:00:09.647 [main] DEBUG org.springframework.core.env.PropertySourcesPropertyResolver - Found key 'SQL_FIND_ALL_WITH_COUNT_TRACK' in PropertySource 'class path resource [sql-band.properties]' with value of type String
19:00:09.647 [main] DEBUG org.springframework.beans.factory.support.DefaultListableBeanFactory - Creating shared instance of singleton bean 'bandDtoService'
19:00:09.650 [main] DEBUG org.springframework.beans.factory.support.DefaultListableBeanFactory - Creating shared instance of singleton bean 'bandDao'
19:00:09.653 [main] DEBUG org.springframework.core.env.PropertySourcesPropertyResolver - Found key 'SQL_SELECT_COUNT_FROM_BAND' in PropertySource 'class path resource [sql-band.properties]' with value of type String
19:00:09.653 [main] DEBUG org.springframework.core.env.PropertySourcesPropertyResolver - Found key 'SQL_ALL_BANDS' in PropertySource 'class path resource [sql-band.properties]' with value of type String
19:00:09.653 [main] DEBUG org.springframework.core.env.PropertySourcesPropertyResolver - Found key 'SQL_CREATE_BAND' in PropertySource 'class path resource [sql-band.properties]' with value of type String
19:00:09.654 [main] DEBUG org.springframework.core.env.PropertySourcesPropertyResolver - Found key 'SQL_CHECK_BAND' in PropertySource 'class path resource [sql-band.properties]' with value of type String
19:00:09.654 [main] DEBUG org.springframework.core.env.PropertySourcesPropertyResolver - Found key 'SQL_BAND_BY_ID' in PropertySource 'class path resource [sql-band.properties]' with value of type String
19:00:09.654 [main] DEBUG org.springframework.core.env.PropertySourcesPropertyResolver - Found key 'SQL_UPDATE_BAND_BY_ID' in PropertySource 'class path resource [sql-band.properties]' with value of type String
19:00:09.654 [main] DEBUG org.springframework.core.env.PropertySourcesPropertyResolver - Found key 'SQL_DELETE_BAND_BY_ID' in PropertySource 'class path resource [sql-band.properties]' with value of type String
19:00:09.655 [main] DEBUG org.springframework.beans.factory.support.DefaultListableBeanFactory - Creating shared instance of singleton bean 'bandService'
19:00:09.657 [main] DEBUG org.springframework.beans.factory.support.DefaultListableBeanFactory - Creating shared instance of singleton bean 'trackDtoDao'
19:00:09.660 [main] DEBUG org.springframework.beans.factory.support.DefaultListableBeanFactory - Creating shared instance of singleton bean 'trackDtoService'
19:00:09.663 [main] DEBUG org.springframework.beans.factory.support.DefaultListableBeanFactory - Creating shared instance of singleton bean 'trackDao'
19:00:09.679 [main] DEBUG org.springframework.beans.factory.support.DefaultListableBeanFactory - Creating shared instance of singleton bean 'trackService'
19:00:09.682 [main] DEBUG org.springframework.beans.factory.support.DefaultListableBeanFactory - Creating shared instance of singleton bean 'transactionManager'
19:00:09.695 [main] DEBUG org.springframework.test.context.cache.DefaultCacheAwareContextLoaderDelegate - Storing ApplicationContext [1752461090] in cache under key [[MergedContextConfiguration@5b218417 testClass = BandDtoServiceImplIT, locations = '{}', classes = '{}', contextInitializerClasses = '[]', activeProfiles = '{}', propertySourceLocations = '{}', propertySourceProperties = '{}', contextCustomizers = set[org.springframework.boot.test.autoconfigure.actuate.metrics.MetricsExportContextCustomizerFactory$DisableMetricExportContextCustomizer@505fc5a4, org.springframework.boot.test.autoconfigure.properties.PropertyMappingContextCustomizer@0, org.springframework.boot.test.autoconfigure.web.servlet.WebDriverContextCustomizerFactory$Customizer@7c24b813, [ImportsContextCustomizer@645aa696 key = [com.epam.brest.service.config.ServiceTestConfig]], org.springframework.boot.test.context.filter.ExcludeFilterContextCustomizer@659499f1, org.springframework.boot.test.json.DuplicateJsonObjectContextCustomizerFactory$DuplicateJsonObjectContextCustomizer@201a4587, org.springframework.boot.test.mock.mockito.MockitoContextCustomizer@0], contextLoader = 'org.springframework.test.context.support.DelegatingSmartContextLoader', parent = [null]]]
19:00:09.695 [main] DEBUG org.springframework.test.context.cache - Spring test ApplicationContext cache statistics: [DefaultContextCache@5767b2af size = 1, maxSize = 32, parentContextCount = 0, hitCount = 0, missCount = 1]
19:00:09.698 [main] DEBUG org.springframework.test.context.cache.DefaultCacheAwareContextLoaderDelegate - Retrieved ApplicationContext [1752461090] from cache with key [[MergedContextConfiguration@5b218417 testClass = BandDtoServiceImplIT, locations = '{}', classes = '{}', contextInitializerClasses = '[]', activeProfiles = '{}', propertySourceLocations = '{}', propertySourceProperties = '{}', contextCustomizers = set[org.springframework.boot.test.autoconfigure.actuate.metrics.MetricsExportContextCustomizerFactory$DisableMetricExportContextCustomizer@505fc5a4, org.springframework.boot.test.autoconfigure.properties.PropertyMappingContextCustomizer@0, org.springframework.boot.test.autoconfigure.web.servlet.WebDriverContextCustomizerFactory$Customizer@7c24b813, [ImportsContextCustomizer@645aa696 key = [com.epam.brest.service.config.ServiceTestConfig]], org.springframework.boot.test.context.filter.ExcludeFilterContextCustomizer@659499f1, org.springframework.boot.test.json.DuplicateJsonObjectContextCustomizerFactory$DuplicateJsonObjectContextCustomizer@201a4587, org.springframework.boot.test.mock.mockito.MockitoContextCustomizer@0], contextLoader = 'org.springframework.test.context.support.DelegatingSmartContextLoader', parent = [null]]]
19:00:09.698 [main] DEBUG org.springframework.test.context.cache - Spring test ApplicationContext cache statistics: [DefaultContextCache@5767b2af size = 1, maxSize = 32, parentContextCount = 0, hitCount = 1, missCount = 1]
19:00:09.705 [main] DEBUG org.springframework.test.context.support.AbstractDirtiesContextTestExecutionListener - Before test method: context [DefaultTestContext@cc43f62 testClass = BandDtoServiceImplIT, testInstance = com.epam.brest.service.impl.BandDtoServiceImplIT@700fb871, testMethod = testShouldFindAllWithCountTrack@BandDtoServiceImplIT, testException = [null], mergedContextConfiguration = [MergedContextConfiguration@5b218417 testClass = BandDtoServiceImplIT, locations = '{}', classes = '{}', contextInitializerClasses = '[]', activeProfiles = '{}', propertySourceLocations = '{}', propertySourceProperties = '{}', contextCustomizers = set[org.springframework.boot.test.autoconfigure.actuate.metrics.MetricsExportContextCustomizerFactory$DisableMetricExportContextCustomizer@505fc5a4, org.springframework.boot.test.autoconfigure.properties.PropertyMappingContextCustomizer@0, org.springframework.boot.test.autoconfigure.web.servlet.WebDriverContextCustomizerFactory$Customizer@7c24b813, [ImportsContextCustomizer@645aa696 key = [com.epam.brest.service.config.ServiceTestConfig]], org.springframework.boot.test.context.filter.ExcludeFilterContextCustomizer@659499f1, org.springframework.boot.test.json.DuplicateJsonObjectContextCustomizerFactory$DuplicateJsonObjectContextCustomizer@201a4587, org.springframework.boot.test.mock.mockito.MockitoContextCustomizer@0], contextLoader = 'org.springframework.test.context.support.DelegatingSmartContextLoader', parent = [null]], attributes = map['org.springframework.test.context.event.ApplicationEventsTestExecutionListener.recordApplicationEvents' -> false]], class annotated with @DirtiesContext [false] with mode [null], method annotated with @DirtiesContext [false] with mode [null].
19:00:09.707 [main] DEBUG org.springframework.test.context.transaction.TransactionalTestExecutionListener - Explicit transaction definition [PROPAGATION_REQUIRED,ISOLATION_DEFAULT] found for test context [DefaultTestContext@cc43f62 testClass = BandDtoServiceImplIT, testInstance = com.epam.brest.service.impl.BandDtoServiceImplIT@700fb871, testMethod = testShouldFindAllWithCountTrack@BandDtoServiceImplIT, testException = [null], mergedContextConfiguration = [MergedContextConfiguration@5b218417 testClass = BandDtoServiceImplIT, locations = '{}', classes = '{}', contextInitializerClasses = '[]', activeProfiles = '{}', propertySourceLocations = '{}', propertySourceProperties = '{}', contextCustomizers = set[org.springframework.boot.test.autoconfigure.actuate.metrics.MetricsExportContextCustomizerFactory$DisableMetricExportContextCustomizer@505fc5a4, org.springframework.boot.test.autoconfigure.properties.PropertyMappingContextCustomizer@0, org.springframework.boot.test.autoconfigure.web.servlet.WebDriverContextCustomizerFactory$Customizer@7c24b813, [ImportsContextCustomizer@645aa696 key = [com.epam.brest.service.config.ServiceTestConfig]], org.springframework.boot.test.context.filter.ExcludeFilterContextCustomizer@659499f1, org.springframework.boot.test.json.DuplicateJsonObjectContextCustomizerFactory$DuplicateJsonObjectContextCustomizer@201a4587, org.springframework.boot.test.mock.mockito.MockitoContextCustomizer@0], contextLoader = 'org.springframework.test.context.support.DelegatingSmartContextLoader', parent = [null]], attributes = map['org.springframework.test.context.event.ApplicationEventsTestExecutionListener.recordApplicationEvents' -> false]]
19:00:09.708 [main] DEBUG org.springframework.test.context.cache.DefaultCacheAwareContextLoaderDelegate - Retrieved ApplicationContext [1752461090] from cache with key [[MergedContextConfiguration@5b218417 testClass = BandDtoServiceImplIT, locations = '{}', classes = '{}', contextInitializerClasses = '[]', activeProfiles = '{}', propertySourceLocations = '{}', propertySourceProperties = '{}', contextCustomizers = set[org.springframework.boot.test.autoconfigure.actuate.metrics.MetricsExportContextCustomizerFactory$DisableMetricExportContextCustomizer@505fc5a4, org.springframework.boot.test.autoconfigure.properties.PropertyMappingContextCustomizer@0, org.springframework.boot.test.autoconfigure.web.servlet.WebDriverContextCustomizerFactory$Customizer@7c24b813, [ImportsContextCustomizer@645aa696 key = [com.epam.brest.service.config.ServiceTestConfig]], org.springframework.boot.test.context.filter.ExcludeFilterContextCustomizer@659499f1, org.springframework.boot.test.json.DuplicateJsonObjectContextCustomizerFactory$DuplicateJsonObjectContextCustomizer@201a4587, org.springframework.boot.test.mock.mockito.MockitoContextCustomizer@0], contextLoader = 'org.springframework.test.context.support.DelegatingSmartContextLoader', parent = [null]]]
19:00:09.708 [main] DEBUG org.springframework.test.context.cache - Spring test ApplicationContext cache statistics: [DefaultContextCache@5767b2af size = 1, maxSize = 32, parentContextCount = 0, hitCount = 2, missCount = 1]
19:00:09.709 [main] DEBUG org.springframework.test.context.transaction.TransactionalTestExecutionListener - Retrieved default @Rollback(true) for test class [com.epam.brest.service.impl.BandDtoServiceImplIT].
19:00:09.709 [main] DEBUG org.springframework.test.context.transaction.TransactionalTestExecutionListener - No method-level @Rollback override: using default rollback [true] for test context [DefaultTestContext@cc43f62 testClass = BandDtoServiceImplIT, testInstance = com.epam.brest.service.impl.BandDtoServiceImplIT@700fb871, testMethod = testShouldFindAllWithCountTrack@BandDtoServiceImplIT, testException = [null], mergedContextConfiguration = [MergedContextConfiguration@5b218417 testClass = BandDtoServiceImplIT, locations = '{}', classes = '{}', contextInitializerClasses = '[]', activeProfiles = '{}', propertySourceLocations = '{}', propertySourceProperties = '{}', contextCustomizers = set[org.springframework.boot.test.autoconfigure.actuate.metrics.MetricsExportContextCustomizerFactory$DisableMetricExportContextCustomizer@505fc5a4, org.springframework.boot.test.autoconfigure.properties.PropertyMappingContextCustomizer@0, org.springframework.boot.test.autoconfigure.web.servlet.WebDriverContextCustomizerFactory$Customizer@7c24b813, [ImportsContextCustomizer@645aa696 key = [com.epam.brest.service.config.ServiceTestConfig]], org.springframework.boot.test.context.filter.ExcludeFilterContextCustomizer@659499f1, org.springframework.boot.test.json.DuplicateJsonObjectContextCustomizerFactory$DuplicateJsonObjectContextCustomizer@201a4587, org.springframework.boot.test.mock.mockito.MockitoContextCustomizer@0], contextLoader = 'org.springframework.test.context.support.DelegatingSmartContextLoader', parent = [null]], attributes = map['org.springframework.test.context.event.ApplicationEventsTestExecutionListener.recordApplicationEvents' -> false]].
19:00:09.711 [main] DEBUG org.springframework.jdbc.datasource.DataSourceTransactionManager - Creating new transaction with name [com.epam.brest.service.impl.BandDtoServiceImplIT.testShouldFindAllWithCountTrack]: PROPAGATION_REQUIRED,ISOLATION_DEFAULT
19:00:09.711 [main] DEBUG org.springframework.jdbc.datasource.SimpleDriverDataSource - Creating new JDBC Driver Connection to [jdbc:h2:mem:testdb;DB_CLOSE_DELAY=-1;DB_CLOSE_ON_EXIT=false]
19:00:09.711 [main] DEBUG org.springframework.jdbc.datasource.DataSourceTransactionManager - Acquired Connection [conn1: url=jdbc:h2:mem:testdb user=SA] for JDBC transaction
19:00:09.712 [main] DEBUG org.springframework.jdbc.datasource.DataSourceTransactionManager - Switching JDBC Connection [conn1: url=jdbc:h2:mem:testdb user=SA] to manual commit
19:00:09.712 [main] INFO org.springframework.test.context.transaction.TransactionContext - Began transaction (1) for test context [DefaultTestContext@cc43f62 testClass = BandDtoServiceImplIT, testInstance = com.epam.brest.service.impl.BandDtoServiceImplIT@700fb871, testMethod = testShouldFindAllWithCountTrack@BandDtoServiceImplIT, testException = [null], mergedContextConfiguration = [MergedContextConfiguration@5b218417 testClass = BandDtoServiceImplIT, locations = '{}', classes = '{}', contextInitializerClasses = '[]', activeProfiles = '{}', propertySourceLocations = '{}', propertySourceProperties = '{}', contextCustomizers = set[org.springframework.boot.test.autoconfigure.actuate.metrics.MetricsExportContextCustomizerFactory$DisableMetricExportContextCustomizer@505fc5a4, org.springframework.boot.test.autoconfigure.properties.PropertyMappingContextCustomizer@0, org.springframework.boot.test.autoconfigure.web.servlet.WebDriverContextCustomizerFactory$Customizer@7c24b813, [ImportsContextCustomizer@645aa696 key = [com.epam.brest.service.config.ServiceTestConfig]], org.springframework.boot.test.context.filter.ExcludeFilterContextCustomizer@659499f1, org.springframework.boot.test.json.DuplicateJsonObjectContextCustomizerFactory$DuplicateJsonObjectContextCustomizer@201a4587, org.springframework.boot.test.mock.mockito.MockitoContextCustomizer@0], contextLoader = 'org.springframework.test.context.support.DelegatingSmartContextLoader', parent = [null]], attributes = map['org.springframework.test.context.event.ApplicationEventsTestExecutionListener.recordApplicationEvents' -> false]]; transaction manager [org.springframework.jdbc.datasource.DataSourceTransactionManager@2f6bcf87]; rollback [true]
19:00:09.715 [main] DEBUG org.springframework.test.context.cache.DefaultCacheAwareContextLoaderDelegate - Retrieved ApplicationContext [1752461090] from cache with key [[MergedContextConfiguration@5b218417 testClass = BandDtoServiceImplIT, locations = '{}', classes = '{}', contextInitializerClasses = '[]', activeProfiles = '{}', propertySourceLocations = '{}', propertySourceProperties = '{}', contextCustomizers = set[org.springframework.boot.test.autoconfigure.actuate.metrics.MetricsExportContextCustomizerFactory$DisableMetricExportContextCustomizer@505fc5a4, org.springframework.boot.test.autoconfigure.properties.PropertyMappingContextCustomizer@0, org.springframework.boot.test.autoconfigure.web.servlet.WebDriverContextCustomizerFactory$Customizer@7c24b813, [ImportsContextCustomizer@645aa696 key = [com.epam.brest.service.config.ServiceTestConfig]], org.springframework.boot.test.context.filter.ExcludeFilterContextCustomizer@659499f1, org.springframework.boot.test.json.DuplicateJsonObjectContextCustomizerFactory$DuplicateJsonObjectContextCustomizer@201a4587, org.springframework.boot.test.mock.mockito.MockitoContextCustomizer@0], contextLoader = 'org.springframework.test.context.support.DelegatingSmartContextLoader', parent = [null]]]
19:00:09.715 [main] DEBUG org.springframework.test.context.cache - Spring test ApplicationContext cache statistics: [DefaultContextCache@5767b2af size = 1, maxSize = 32, parentContextCount = 0, hitCount = 3, missCount = 1]
19:00:09.722 [main] DEBUG org.springframework.test.context.cache.DefaultCacheAwareContextLoaderDelegate - Retrieved ApplicationContext [1752461090] from cache with key [[MergedContextConfiguration@5b218417 testClass = BandDtoServiceImplIT, locations = '{}', classes = '{}', contextInitializerClasses = '[]', activeProfiles = '{}', propertySourceLocations = '{}', propertySourceProperties = '{}', contextCustomizers = set[org.springframework.boot.test.autoconfigure.actuate.metrics.MetricsExportContextCustomizerFactory$DisableMetricExportContextCustomizer@505fc5a4, org.springframework.boot.test.autoconfigure.properties.PropertyMappingContextCustomizer@0, org.springframework.boot.test.autoconfigure.web.servlet.WebDriverContextCustomizerFactory$Customizer@7c24b813, [ImportsContextCustomizer@645aa696 key = [com.epam.brest.service.config.ServiceTestConfig]], org.springframework.boot.test.context.filter.ExcludeFilterContextCustomizer@659499f1, org.springframework.boot.test.json.DuplicateJsonObjectContextCustomizerFactory$DuplicateJsonObjectContextCustomizer@201a4587, org.springframework.boot.test.mock.mockito.MockitoContextCustomizer@0], contextLoader = 'org.springframework.test.context.support.DelegatingSmartContextLoader', parent = [null]]]
19:00:09.722 [main] DEBUG org.springframework.test.context.cache - Spring test ApplicationContext cache statistics: [DefaultContextCache@5767b2af size = 1, maxSize = 32, parentContextCount = 0, hitCount = 4, missCount = 1]
19:00:09.724 [main] DEBUG com.epam.brest.service.impl.BandDtoServiceImplIT - BandDtoService execute test: testShouldFindAllWithCountTrack()
19:00:09.725 [main] DEBUG com.epam.brest.dao.BandDtoDaoJdbcImpl - Start: findAllWithCountTrack(
19:00:09.727 [main] DEBUG org.springframework.jdbc.core.JdbcTemplate - Executing prepared SQL query
19:00:09.727 [main] DEBUG org.springframework.jdbc.core.JdbcTemplate - Executing prepared SQL statement [SELECT band_id AS bandId, band_name AS bandName, band_details AS bandDetails, COUNT(track.track_band_id) AS bandCountTrack, SUM(track.track_duration) AS bandRepertoireDuration FROM band LEFT JOIN track ON band.band_id=track.track_band_id GROUP BY band_id, band_name, band_details]
19:00:09.740 [main] DEBUG org.springframework.jdbc.core.BeanPropertyRowMapper - Mapping column 'BANDID' to property 'bandId' of type 'java.lang.Integer'
19:00:09.742 [main] DEBUG org.springframework.jdbc.core.BeanPropertyRowMapper - Mapping column 'BANDNAME' to property 'bandName' of type 'java.lang.String'
19:00:09.743 [main] DEBUG org.springframework.jdbc.core.BeanPropertyRowMapper - Mapping column 'BANDDETAILS' to property 'bandDetails' of type 'java.lang.String'
19:00:09.743 [main] DEBUG org.springframework.jdbc.core.BeanPropertyRowMapper - Mapping column 'BANDCOUNTTRACK' to property 'bandCountTrack' of type 'java.lang.Integer'
19:00:09.743 [main] DEBUG org.springframework.jdbc.core.BeanPropertyRowMapper - Mapping column 'BANDREPERTOIREDURATION' to property 'bandRepertoireDuration' of type 'java.lang.Integer'
19:00:09.747 [main] DEBUG org.springframework.test.context.cache.DefaultCacheAwareContextLoaderDelegate - Retrieved ApplicationContext [1752461090] from cache with key [[MergedContextConfiguration@5b218417 testClass = BandDtoServiceImplIT, locations = '{}', classes = '{}', contextInitializerClasses = '[]', activeProfiles = '{}', propertySourceLocations = '{}', propertySourceProperties = '{}', contextCustomizers = set[org.springframework.boot.test.autoconfigure.actuate.metrics.MetricsExportContextCustomizerFactory$DisableMetricExportContextCustomizer@505fc5a4, org.springframework.boot.test.autoconfigure.properties.PropertyMappingContextCustomizer@0, org.springframework.boot.test.autoconfigure.web.servlet.WebDriverContextCustomizerFactory$Customizer@7c24b813, [ImportsContextCustomizer@645aa696 key = [com.epam.brest.service.config.ServiceTestConfig]], org.springframework.boot.test.context.filter.ExcludeFilterContextCustomizer@659499f1, org.springframework.boot.test.json.DuplicateJsonObjectContextCustomizerFactory$DuplicateJsonObjectContextCustomizer@201a4587, org.springframework.boot.test.mock.mockito.MockitoContextCustomizer@0], contextLoader = 'org.springframework.test.context.support.DelegatingSmartContextLoader', parent = [null]]]
19:00:09.748 [main] DEBUG org.springframework.test.context.cache - Spring test ApplicationContext cache statistics: [DefaultContextCache@5767b2af size = 1, maxSize = 32, parentContextCount = 0, hitCount = 5, missCount = 1]
19:00:09.749 [main] DEBUG org.springframework.test.context.cache.DefaultCacheAwareContextLoaderDelegate - Retrieved ApplicationContext [1752461090] from cache with key [[MergedContextConfiguration@5b218417 testClass = BandDtoServiceImplIT, locations = '{}', classes = '{}', contextInitializerClasses = '[]', activeProfiles = '{}', propertySourceLocations = '{}', propertySourceProperties = '{}', contextCustomizers = set[org.springframework.boot.test.autoconfigure.actuate.metrics.MetricsExportContextCustomizerFactory$DisableMetricExportContextCustomizer@505fc5a4, org.springframework.boot.test.autoconfigure.properties.PropertyMappingContextCustomizer@0, org.springframework.boot.test.autoconfigure.web.servlet.WebDriverContextCustomizerFactory$Customizer@7c24b813, [ImportsContextCustomizer@645aa696 key = [com.epam.brest.service.config.ServiceTestConfig]], org.springframework.boot.test.context.filter.ExcludeFilterContextCustomizer@659499f1, org.springframework.boot.test.json.DuplicateJsonObjectContextCustomizerFactory$DuplicateJsonObjectContextCustomizer@201a4587, org.springframework.boot.test.mock.mockito.MockitoContextCustomizer@0], contextLoader = 'org.springframework.test.context.support.DelegatingSmartContextLoader', parent = [null]]]
19:00:09.749 [main] DEBUG org.springframework.test.context.cache - Spring test ApplicationContext cache statistics: [DefaultContextCache@5767b2af size = 1, maxSize = 32, parentContextCount = 0, hitCount = 6, missCount = 1]
19:00:09.749 [main] DEBUG org.springframework.test.context.cache.DefaultCacheAwareContextLoaderDelegate - Retrieved ApplicationContext [1752461090] from cache with key [[MergedContextConfiguration@5b218417 testClass = BandDtoServiceImplIT, locations = '{}', classes = '{}', contextInitializerClasses = '[]', activeProfiles = '{}', propertySourceLocations = '{}', propertySourceProperties = '{}', contextCustomizers = set[org.springframework.boot.test.autoconfigure.actuate.metrics.MetricsExportContextCustomizerFactory$DisableMetricExportContextCustomizer@505fc5a4, org.springframework.boot.test.autoconfigure.properties.PropertyMappingContextCustomizer@0, org.springframework.boot.test.autoconfigure.web.servlet.WebDriverContextCustomizerFactory$Customizer@7c24b813, [ImportsContextCustomizer@645aa696 key = [com.epam.brest.service.config.ServiceTestConfig]], org.springframework.boot.test.context.filter.ExcludeFilterContextCustomizer@659499f1, org.springframework.boot.test.json.DuplicateJsonObjectContextCustomizerFactory$DuplicateJsonObjectContextCustomizer@201a4587, org.springframework.boot.test.mock.mockito.MockitoContextCustomizer@0], contextLoader = 'org.springframework.test.context.support.DelegatingSmartContextLoader', parent = [null]]]
19:00:09.749 [main] DEBUG org.springframework.test.context.cache - Spring test ApplicationContext cache statistics: [DefaultContextCache@5767b2af size = 1, maxSize = 32, parentContextCount = 0, hitCount = 7, missCount = 1]
19:00:09.750 [main] DEBUG org.springframework.test.context.cache.DefaultCacheAwareContextLoaderDelegate - Retrieved ApplicationContext [1752461090] from cache with key [[MergedContextConfiguration@5b218417 testClass = BandDtoServiceImplIT, locations = '{}', classes = '{}', contextInitializerClasses = '[]', activeProfiles = '{}', propertySourceLocations = '{}', propertySourceProperties = '{}', contextCustomizers = set[org.springframework.boot.test.autoconfigure.actuate.metrics.MetricsExportContextCustomizerFactory$DisableMetricExportContextCustomizer@505fc5a4, org.springframework.boot.test.autoconfigure.properties.PropertyMappingContextCustomizer@0, org.springframework.boot.test.autoconfigure.web.servlet.WebDriverContextCustomizerFactory$Customizer@7c24b813, [ImportsContextCustomizer@645aa696 key = [com.epam.brest.service.config.ServiceTestConfig]], org.springframework.boot.test.context.filter.ExcludeFilterContextCustomizer@659499f1, org.springframework.boot.test.json.DuplicateJsonObjectContextCustomizerFactory$DuplicateJsonObjectContextCustomizer@201a4587, org.springframework.boot.test.mock.mockito.MockitoContextCustomizer@0], contextLoader = 'org.springframework.test.context.support.DelegatingSmartContextLoader', parent = [null]]]
19:00:09.750 [main] DEBUG org.springframework.test.context.cache - Spring test ApplicationContext cache statistics: [DefaultContextCache@5767b2af size = 1, maxSize = 32, parentContextCount = 0, hitCount = 8, missCount = 1]
19:00:09.751 [main] DEBUG org.springframework.test.context.cache.DefaultCacheAwareContextLoaderDelegate - Retrieved ApplicationContext [1752461090] from cache with key [[MergedContextConfiguration@5b218417 testClass = BandDtoServiceImplIT, locations = '{}', classes = '{}', contextInitializerClasses = '[]', activeProfiles = '{}', propertySourceLocations = '{}', propertySourceProperties = '{}', contextCustomizers = set[org.springframework.boot.test.autoconfigure.actuate.metrics.MetricsExportContextCustomizerFactory$DisableMetricExportContextCustomizer@505fc5a4, org.springframework.boot.test.autoconfigure.properties.PropertyMappingContextCustomizer@0, org.springframework.boot.test.autoconfigure.web.servlet.WebDriverContextCustomizerFactory$Customizer@7c24b813, [ImportsContextCustomizer@645aa696 key = [com.epam.brest.service.config.ServiceTestConfig]], org.springframework.boot.test.context.filter.ExcludeFilterContextCustomizer@659499f1, org.springframework.boot.test.json.DuplicateJsonObjectContextCustomizerFactory$DuplicateJsonObjectContextCustomizer@201a4587, org.springframework.boot.test.mock.mockito.MockitoContextCustomizer@0], contextLoader = 'org.springframework.test.context.support.DelegatingSmartContextLoader', parent = [null]]]
19:00:09.751 [main] DEBUG org.springframework.test.context.cache - Spring test ApplicationContext cache statistics: [DefaultContextCache@5767b2af size = 1, maxSize = 32, parentContextCount = 0, hitCount = 9, missCount = 1]
19:00:09.752 [main] DEBUG org.springframework.jdbc.datasource.DataSourceTransactionManager - Initiating transaction rollback
19:00:09.752 [main] DEBUG org.springframework.jdbc.datasource.DataSourceTransactionManager - Rolling back JDBC transaction on Connection [conn1: url=jdbc:h2:mem:testdb user=SA]
19:00:09.752 [main] DEBUG org.springframework.jdbc.datasource.DataSourceTransactionManager - Releasing JDBC Connection [conn1: url=jdbc:h2:mem:testdb user=SA] after transaction
19:00:09.752 [main] INFO org.springframework.test.context.transaction.TransactionContext - Rolled back transaction for test: [DefaultTestContext@cc43f62 testClass = BandDtoServiceImplIT, testInstance = com.epam.brest.service.impl.BandDtoServiceImplIT@700fb871, testMethod = testShouldFindAllWithCountTrack@BandDtoServiceImplIT, testException = [null], mergedContextConfiguration = [MergedContextConfiguration@5b218417 testClass = BandDtoServiceImplIT, locations = '{}', classes = '{}', contextInitializerClasses = '[]', activeProfiles = '{}', propertySourceLocations = '{}', propertySourceProperties = '{}', contextCustomizers = set[org.springframework.boot.test.autoconfigure.actuate.metrics.MetricsExportContextCustomizerFactory$DisableMetricExportContextCustomizer@505fc5a4, org.springframework.boot.test.autoconfigure.properties.PropertyMappingContextCustomizer@0, org.springframework.boot.test.autoconfigure.web.servlet.WebDriverContextCustomizerFactory$Customizer@7c24b813, [ImportsContextCustomizer@645aa696 key = [com.epam.brest.service.config.ServiceTestConfig]], org.springframework.boot.test.context.filter.ExcludeFilterContextCustomizer@659499f1, org.springframework.boot.test.json.DuplicateJsonObjectContextCustomizerFactory$DuplicateJsonObjectContextCustomizer@201a4587, org.springframework.boot.test.mock.mockito.MockitoContextCustomizer@0], contextLoader = 'org.springframework.test.context.support.DelegatingSmartContextLoader', parent = [null]], attributes = map['org.springframework.test.context.event.ApplicationEventsTestExecutionListener.recordApplicationEvents' -> false]]
19:00:09.753 [main] DEBUG org.springframework.test.context.support.AbstractDirtiesContextTestExecutionListener - After test method: context [DefaultTestContext@cc43f62 testClass = BandDtoServiceImplIT, testInstance = com.epam.brest.service.impl.BandDtoServiceImplIT@700fb871, testMethod = testShouldFindAllWithCountTrack@BandDtoServiceImplIT, testException = [null], mergedContextConfiguration = [MergedContextConfiguration@5b218417 testClass = BandDtoServiceImplIT, locations = '{}', classes = '{}', contextInitializerClasses = '[]', activeProfiles = '{}', propertySourceLocations = '{}', propertySourceProperties = '{}', contextCustomizers = set[org.springframework.boot.test.autoconfigure.actuate.metrics.MetricsExportContextCustomizerFactory$DisableMetricExportContextCustomizer@505fc5a4, org.springframework.boot.test.autoconfigure.properties.PropertyMappingContextCustomizer@0, org.springframework.boot.test.autoconfigure.web.servlet.WebDriverContextCustomizerFactory$Customizer@7c24b813, [ImportsContextCustomizer@645aa696 key = [com.epam.brest.service.config.ServiceTestConfig]], org.springframework.boot.test.context.filter.ExcludeFilterContextCustomizer@659499f1, org.springframework.boot.test.json.DuplicateJsonObjectContextCustomizerFactory$DuplicateJsonObjectContextCustomizer@201a4587, org.springframework.boot.test.mock.mockito.MockitoContextCustomizer@0], contextLoader = 'org.springframework.test.context.support.DelegatingSmartContextLoader', parent = [null]], attributes = map['org.springframework.test.context.event.ApplicationEventsTestExecutionListener.recordApplicationEvents' -> false]], class annotated with @DirtiesContext [false] with mode [null], method annotated with @DirtiesContext [false] with mode [null].
]]></system-out>
  </testcase>
</testsuite>