<?xml version="1.0" encoding="UTF-8"?>
<testsuite xmlns:xsi="http://www.w3.org/2001/XMLSchema-instance" xsi:noNamespaceSchemaLocation="https://maven.apache.org/surefire/maven-failsafe-plugin/xsd/failsafe-test-report-3.0.xsd" version="3.0" name="com.epam.brest.service.impl.BandServiceImplIT" time="0.143" tests="7" errors="0" skipped="0" failures="0">
  <properties>
[...]
</properties>
  <testcase name="testTryToCreateEqualsBands" classname="com.epam.brest.service.impl.BandServiceImplIT" time="0.041">
    <system-out><![CDATA[19:00:09.782 [main] DEBUG org.springframework.test.context.BootstrapUtils - Instantiating CacheAwareContextLoaderDelegate from class [org.springframework.test.context.cache.DefaultCacheAwareContextLoaderDelegate]
19:00:09.782 [main] DEBUG org.springframework.test.context.BootstrapUtils - Instantiating BootstrapContext using constructor [public org.springframework.test.context.support.DefaultBootstrapContext(java.lang.Class,org.springframework.test.context.CacheAwareContextLoaderDelegate)]
19:00:09.782 [main] DEBUG org.springframework.test.context.BootstrapUtils - Instantiating TestContextBootstrapper for test class [com.epam.brest.service.impl.BandServiceImplIT] from class [org.springframework.test.context.support.DefaultTestContextBootstrapper]
19:00:09.783 [main] INFO org.springframework.test.context.support.DefaultTestContextBootstrapper - Neither @ContextConfiguration nor @ContextHierarchy found for test class [com.epam.brest.service.impl.BandServiceImplIT], using DelegatingSmartContextLoader
19:00:09.783 [main] DEBUG org.springframework.test.context.support.AbstractDelegatingSmartContextLoader - Delegating to GenericXmlContextLoader to process context configuration [ContextConfigurationAttributes@30af7377 declaringClass = 'com.epam.brest.service.impl.BandServiceImplIT', classes = '{}', locations = '{}', inheritLocations = false, initializers = '{}', inheritInitializers = true, name = [null], contextLoaderClass = 'org.springframework.test.context.ContextLoader'].
19:00:09.783 [main] DEBUG org.springframework.test.context.support.AbstractContextLoader - Did not detect default resource location for test class [com.epam.brest.service.impl.BandServiceImplIT]: class path resource [com/epam/brest/service/impl/BandServiceImplIT-context.xml] does not exist
19:00:09.783 [main] INFO org.springframework.test.context.support.AbstractContextLoader - Could not detect default resource locations for test class [com.epam.brest.service.impl.BandServiceImplIT]: no resource found for suffixes {-context.xml}.
19:00:09.783 [main] DEBUG org.springframework.test.context.support.AbstractDelegatingSmartContextLoader - Delegating to AnnotationConfigContextLoader to process context configuration [ContextConfigurationAttributes@30af7377 declaringClass = 'com.epam.brest.service.impl.BandServiceImplIT', classes = '{}', locations = '{}', inheritLocations = false, initializers = '{}', inheritInitializers = true, name = [null], contextLoaderClass = 'org.springframework.test.context.ContextLoader'].
19:00:09.783 [main] INFO org.springframework.test.context.support.AnnotationConfigContextLoaderUtils - Could not detect default configuration classes for test class [com.epam.brest.service.impl.BandServiceImplIT]: BandServiceImplIT does not declare any static, non-private, non-final, nested classes annotated with @Configuration.
19:00:09.785 [main] DEBUG org.springframework.test.context.support.ActiveProfilesUtils - Could not find an 'annotation declaring class' for annotation type [org.springframework.test.context.ActiveProfiles] and class [com.epam.brest.service.impl.BandServiceImplIT]
19:00:09.785 [main] DEBUG org.springframework.test.context.support.DefaultTestContextBootstrapper - @TestExecutionListeners is not present for class [com.epam.brest.service.impl.BandServiceImplIT]: using defaults.
19:00:09.785 [main] INFO org.springframework.test.context.support.DefaultTestContextBootstrapper - Loaded default TestExecutionListener class names from location [META-INF/spring.factories]: [org.springframework.boot.test.autoconfigure.restdocs.RestDocsTestExecutionListener, org.springframework.boot.test.autoconfigure.web.client.MockRestServiceServerResetTestExecutionListener, org.springframework.boot.test.autoconfigure.web.servlet.MockMvcPrintOnlyOnFailureTestExecutionListener, org.springframework.boot.test.autoconfigure.web.servlet.WebDriverTestExecutionListener, org.springframework.boot.test.autoconfigure.webservices.client.MockWebServiceServerTestExecutionListener, org.springframework.boot.test.mock.mockito.MockitoTestExecutionListener, org.springframework.boot.test.mock.mockito.ResetMocksTestExecutionListener, org.springframework.test.context.web.ServletTestExecutionListener, org.springframework.test.context.support.DirtiesContextBeforeModesTestExecutionListener, org.springframework.test.context.event.ApplicationEventsTestExecutionListener, org.springframework.test.context.support.DependencyInjectionTestExecutionListener, org.springframework.test.context.support.DirtiesContextTestExecutionListener, org.springframework.test.context.transaction.TransactionalTestExecutionListener, org.springframework.test.context.jdbc.SqlScriptsTestExecutionListener, org.springframework.test.context.event.EventPublishingTestExecutionListener]
19:00:09.785 [main] DEBUG org.springframework.test.context.support.DefaultTestContextBootstrapper - Skipping candidate TestExecutionListener [org.springframework.test.context.web.ServletTestExecutionListener] due to a missing dependency. Specify custom listener classes or make the default listener classes and their required dependencies available. Offending class: [javax/servlet/ServletContext]
19:00:09.785 [main] INFO org.springframework.test.context.support.DefaultTestContextBootstrapper - Using TestExecutionListeners: [org.springframework.test.context.support.DirtiesContextBeforeModesTestExecutionListener@247667dd, org.springframework.test.context.event.ApplicationEventsTestExecutionListener@6f099cef, org.springframework.boot.test.mock.mockito.MockitoTestExecutionListener@afb5821, org.springframework.test.context.support.DependencyInjectionTestExecutionListener@4bff2185, org.springframework.test.context.support.DirtiesContextTestExecutionListener@5c20ffa8, org.springframework.test.context.transaction.TransactionalTestExecutionListener@7fedfe27, org.springframework.test.context.jdbc.SqlScriptsTestExecutionListener@2f879bab, org.springframework.test.context.event.EventPublishingTestExecutionListener@1d4664d7, org.springframework.boot.test.autoconfigure.restdocs.RestDocsTestExecutionListener@46c00568, org.springframework.boot.test.autoconfigure.web.client.MockRestServiceServerResetTestExecutionListener@56ccd751, org.springframework.boot.test.autoconfigure.web.servlet.MockMvcPrintOnlyOnFailureTestExecutionListener@458544e0, org.springframework.boot.test.autoconfigure.web.servlet.WebDriverTestExecutionListener@6bcbf05b, org.springframework.boot.test.autoconfigure.webservices.client.MockWebServiceServerTestExecutionListener@2d66530f, org.springframework.boot.test.mock.mockito.ResetMocksTestExecutionListener@1d207fad]
19:00:09.786 [main] DEBUG org.springframework.test.context.support.AbstractDirtiesContextTestExecutionListener - Before test class: context [DefaultTestContext@72ed9aad testClass = BandServiceImplIT, testInstance = [null], testMethod = [null], testException = [null], mergedContextConfiguration = [MergedContextConfiguration@4690f583 testClass = BandServiceImplIT, locations = '{}', classes = '{}', contextInitializerClasses = '[]', activeProfiles = '{}', propertySourceLocations = '{}', propertySourceProperties = '{}', contextCustomizers = set[org.springframework.boot.test.autoconfigure.actuate.metrics.MetricsExportContextCustomizerFactory$DisableMetricExportContextCustomizer@505fc5a4, org.springframework.boot.test.autoconfigure.properties.PropertyMappingContextCustomizer@0, org.springframework.boot.test.autoconfigure.web.servlet.WebDriverContextCustomizerFactory$Customizer@7c24b813, [ImportsContextCustomizer@59712875 key = [com.epam.brest.service.config.ServiceTestConfig]], org.springframework.boot.test.context.filter.ExcludeFilterContextCustomizer@659499f1, org.springframework.boot.test.json.DuplicateJsonObjectContextCustomizerFactory$DuplicateJsonObjectContextCustomizer@201a4587, org.springframework.boot.test.mock.mockito.MockitoContextCustomizer@0], contextLoader = 'org.springframework.test.context.support.DelegatingSmartContextLoader', parent = [null]], attributes = map[[empty]]], class annotated with @DirtiesContext [false] with mode [null].
19:00:09.786 [main] DEBUG org.springframework.test.context.cache.DefaultCacheAwareContextLoaderDelegate - Retrieved ApplicationContext [1752461090] from cache with key [[MergedContextConfiguration@4690f583 testClass = BandServiceImplIT, locations = '{}', classes = '{}', contextInitializerClasses = '[]', activeProfiles = '{}', propertySourceLocations = '{}', propertySourceProperties = '{}', contextCustomizers = set[org.springframework.boot.test.autoconfigure.actuate.metrics.MetricsExportContextCustomizerFactory$DisableMetricExportContextCustomizer@505fc5a4, org.springframework.boot.test.autoconfigure.properties.PropertyMappingContextCustomizer@0, org.springframework.boot.test.autoconfigure.web.servlet.WebDriverContextCustomizerFactory$Customizer@7c24b813, [ImportsContextCustomizer@59712875 key = [com.epam.brest.service.config.ServiceTestConfig]], org.springframework.boot.test.context.filter.ExcludeFilterContextCustomizer@659499f1, org.springframework.boot.test.json.DuplicateJsonObjectContextCustomizerFactory$DuplicateJsonObjectContextCustomizer@201a4587, org.springframework.boot.test.mock.mockito.MockitoContextCustomizer@0], contextLoader = 'org.springframework.test.context.support.DelegatingSmartContextLoader', parent = [null]]]
19:00:09.786 [main] DEBUG org.springframework.test.context.cache - Spring test ApplicationContext cache statistics: [DefaultContextCache@5767b2af size = 1, maxSize = 32, parentContextCount = 0, hitCount = 11, missCount = 1]
19:00:09.787 [main] DEBUG org.springframework.test.context.support.DependencyInjectionTestExecutionListener - Performing dependency injection for test context [[DefaultTestContext@72ed9aad testClass = BandServiceImplIT, testInstance = com.epam.brest.service.impl.BandServiceImplIT@47b2e9e1, testMethod = [null], testException = [null], mergedContextConfiguration = [MergedContextConfiguration@4690f583 testClass = BandServiceImplIT, locations = '{}', classes = '{}', contextInitializerClasses = '[]', activeProfiles = '{}', propertySourceLocations = '{}', propertySourceProperties = '{}', contextCustomizers = set[org.springframework.boot.test.autoconfigure.actuate.metrics.MetricsExportContextCustomizerFactory$DisableMetricExportContextCustomizer@505fc5a4, org.springframework.boot.test.autoconfigure.properties.PropertyMappingContextCustomizer@0, org.springframework.boot.test.autoconfigure.web.servlet.WebDriverContextCustomizerFactory$Customizer@7c24b813, [ImportsContextCustomizer@59712875 key = [com.epam.brest.service.config.ServiceTestConfig]], org.springframework.boot.test.context.filter.ExcludeFilterContextCustomizer@659499f1, org.springframework.boot.test.json.DuplicateJsonObjectContextCustomizerFactory$DuplicateJsonObjectContextCustomizer@201a4587, org.springframework.boot.test.mock.mockito.MockitoContextCustomizer@0], contextLoader = 'org.springframework.test.context.support.DelegatingSmartContextLoader', parent = [null]], attributes = map['org.springframework.test.context.event.ApplicationEventsTestExecutionListener.recordApplicationEvents' -> false]]].
19:00:09.788 [main] DEBUG org.springframework.test.context.cache.DefaultCacheAwareContextLoaderDelegate - Retrieved ApplicationContext [1752461090] from cache with key [[MergedContextConfiguration@4690f583 testClass = BandServiceImplIT, locations = '{}', classes = '{}', contextInitializerClasses = '[]', activeProfiles = '{}', propertySourceLocations = '{}', propertySourceProperties = '{}', contextCustomizers = set[org.springframework.boot.test.autoconfigure.actuate.metrics.MetricsExportContextCustomizerFactory$DisableMetricExportContextCustomizer@505fc5a4, org.springframework.boot.test.autoconfigure.properties.PropertyMappingContextCustomizer@0, org.springframework.boot.test.autoconfigure.web.servlet.WebDriverContextCustomizerFactory$Customizer@7c24b813, [ImportsContextCustomizer@59712875 key = [com.epam.brest.service.config.ServiceTestConfig]], org.springframework.boot.test.context.filter.ExcludeFilterContextCustomizer@659499f1, org.springframework.boot.test.json.DuplicateJsonObjectContextCustomizerFactory$DuplicateJsonObjectContextCustomizer@201a4587, org.springframework.boot.test.mock.mockito.MockitoContextCustomizer@0], contextLoader = 'org.springframework.test.context.support.DelegatingSmartContextLoader', parent = [null]]]
19:00:09.788 [main] DEBUG org.springframework.test.context.cache - Spring test ApplicationContext cache statistics: [DefaultContextCache@5767b2af size = 1, maxSize = 32, parentContextCount = 0, hitCount = 12, missCount = 1]
19:00:09.789 [main] DEBUG org.springframework.test.context.cache.DefaultCacheAwareContextLoaderDelegate - Retrieved ApplicationContext [1752461090] from cache with key [[MergedContextConfiguration@4690f583 testClass = BandServiceImplIT, locations = '{}', classes = '{}', contextInitializerClasses = '[]', activeProfiles = '{}', propertySourceLocations = '{}', propertySourceProperties = '{}', contextCustomizers = set[org.springframework.boot.test.autoconfigure.actuate.metrics.MetricsExportContextCustomizerFactory$DisableMetricExportContextCustomizer@505fc5a4, org.springframework.boot.test.autoconfigure.properties.PropertyMappingContextCustomizer@0, org.springframework.boot.test.autoconfigure.web.servlet.WebDriverContextCustomizerFactory$Customizer@7c24b813, [ImportsContextCustomizer@59712875 key = [com.epam.brest.service.config.ServiceTestConfig]], org.springframework.boot.test.context.filter.ExcludeFilterContextCustomizer@659499f1, org.springframework.boot.test.json.DuplicateJsonObjectContextCustomizerFactory$DuplicateJsonObjectContextCustomizer@201a4587, org.springframework.boot.test.mock.mockito.MockitoContextCustomizer@0], contextLoader = 'org.springframework.test.context.support.DelegatingSmartContextLoader', parent = [null]]]
19:00:09.789 [main] DEBUG org.springframework.test.context.cache - Spring test ApplicationContext cache statistics: [DefaultContextCache@5767b2af size = 1, maxSize = 32, parentContextCount = 0, hitCount = 13, missCount = 1]
19:00:09.790 [main] DEBUG org.springframework.test.context.support.AbstractDirtiesContextTestExecutionListener - Before test method: context [DefaultTestContext@72ed9aad testClass = BandServiceImplIT, testInstance = com.epam.brest.service.impl.BandServiceImplIT@47b2e9e1, testMethod = testTryToCreateEqualsBands@BandServiceImplIT, testException = [null], mergedContextConfiguration = [MergedContextConfiguration@4690f583 testClass = BandServiceImplIT, locations = '{}', classes = '{}', contextInitializerClasses = '[]', activeProfiles = '{}', propertySourceLocations = '{}', propertySourceProperties = '{}', contextCustomizers = set[org.springframework.boot.test.autoconfigure.actuate.metrics.MetricsExportContextCustomizerFactory$DisableMetricExportContextCustomizer@505fc5a4, org.springframework.boot.test.autoconfigure.properties.PropertyMappingContextCustomizer@0, org.springframework.boot.test.autoconfigure.web.servlet.WebDriverContextCustomizerFactory$Customizer@7c24b813, [ImportsContextCustomizer@59712875 key = [com.epam.brest.service.config.ServiceTestConfig]], org.springframework.boot.test.context.filter.ExcludeFilterContextCustomizer@659499f1, org.springframework.boot.test.json.DuplicateJsonObjectContextCustomizerFactory$DuplicateJsonObjectContextCustomizer@201a4587, org.springframework.boot.test.mock.mockito.MockitoContextCustomizer@0], contextLoader = 'org.springframework.test.context.support.DelegatingSmartContextLoader', parent = [null]], attributes = map['org.springframework.test.context.event.ApplicationEventsTestExecutionListener.recordApplicationEvents' -> false]], class annotated with @DirtiesContext [false] with mode [null], method annotated with @DirtiesContext [false] with mode [null].
19:00:09.795 [main] DEBUG org.springframework.test.context.transaction.TransactionalTestExecutionListener - Explicit transaction definition [PROPAGATION_REQUIRED,ISOLATION_DEFAULT] found for test context [DefaultTestContext@72ed9aad testClass = BandServiceImplIT, testInstance = com.epam.brest.service.impl.BandServiceImplIT@47b2e9e1, testMethod = testTryToCreateEqualsBands@BandServiceImplIT, testException = [null], mergedContextConfiguration = [MergedContextConfiguration@4690f583 testClass = BandServiceImplIT, locations = '{}', classes = '{}', contextInitializerClasses = '[]', activeProfiles = '{}', propertySourceLocations = '{}', propertySourceProperties = '{}', contextCustomizers = set[org.springframework.boot.test.autoconfigure.actuate.metrics.MetricsExportContextCustomizerFactory$DisableMetricExportContextCustomizer@505fc5a4, org.springframework.boot.test.autoconfigure.properties.PropertyMappingContextCustomizer@0, org.springframework.boot.test.autoconfigure.web.servlet.WebDriverContextCustomizerFactory$Customizer@7c24b813, [ImportsContextCustomizer@59712875 key = [com.epam.brest.service.config.ServiceTestConfig]], org.springframework.boot.test.context.filter.ExcludeFilterContextCustomizer@659499f1, org.springframework.boot.test.json.DuplicateJsonObjectContextCustomizerFactory$DuplicateJsonObjectContextCustomizer@201a4587, org.springframework.boot.test.mock.mockito.MockitoContextCustomizer@0], contextLoader = 'org.springframework.test.context.support.DelegatingSmartContextLoader', parent = [null]], attributes = map['org.springframework.test.context.event.ApplicationEventsTestExecutionListener.recordApplicationEvents' -> false]]
19:00:09.796 [main] DEBUG org.springframework.test.context.cache.DefaultCacheAwareContextLoaderDelegate - Retrieved ApplicationContext [1752461090] from cache with key [[MergedContextConfiguration@4690f583 testClass = BandServiceImplIT, locations = '{}', classes = '{}', contextInitializerClasses = '[]', activeProfiles = '{}', propertySourceLocations = '{}', propertySourceProperties = '{}', contextCustomizers = set[org.springframework.boot.test.autoconfigure.actuate.metrics.MetricsExportContextCustomizerFactory$DisableMetricExportContextCustomizer@505fc5a4, org.springframework.boot.test.autoconfigure.properties.PropertyMappingContextCustomizer@0, org.springframework.boot.test.autoconfigure.web.servlet.WebDriverContextCustomizerFactory$Customizer@7c24b813, [ImportsContextCustomizer@59712875 key = [com.epam.brest.service.config.ServiceTestConfig]], org.springframework.boot.test.context.filter.ExcludeFilterContextCustomizer@659499f1, org.springframework.boot.test.json.DuplicateJsonObjectContextCustomizerFactory$DuplicateJsonObjectContextCustomizer@201a4587, org.springframework.boot.test.mock.mockito.MockitoContextCustomizer@0], contextLoader = 'org.springframework.test.context.support.DelegatingSmartContextLoader', parent = [null]]]
19:00:09.796 [main] DEBUG org.springframework.test.context.cache - Spring test ApplicationContext cache statistics: [DefaultContextCache@5767b2af size = 1, maxSize = 32, parentContextCount = 0, hitCount = 14, missCount = 1]
19:00:09.796 [main] DEBUG org.springframework.test.context.transaction.TransactionalTestExecutionListener - Retrieved default @Rollback(true) for test class [com.epam.brest.service.impl.BandServiceImplIT].
19:00:09.796 [main] DEBUG org.springframework.test.context.transaction.TransactionalTestExecutionListener - No method-level @Rollback override: using default rollback [true] for test context [DefaultTestContext@72ed9aad testClass = BandServiceImplIT, testInstance = com.epam.brest.service.impl.BandServiceImplIT@47b2e9e1, testMethod = testTryToCreateEqualsBands@BandServiceImplIT, testException = [null], mergedContextConfiguration = [MergedContextConfiguration@4690f583 testClass = BandServiceImplIT, locations = '{}', classes = '{}', contextInitializerClasses = '[]', activeProfiles = '{}', propertySourceLocations = '{}', propertySourceProperties = '{}', contextCustomizers = set[org.springframework.boot.test.autoconfigure.actuate.metrics.MetricsExportContextCustomizerFactory$DisableMetricExportContextCustomizer@505fc5a4, org.springframework.boot.test.autoconfigure.properties.PropertyMappingContextCustomizer@0, org.springframework.boot.test.autoconfigure.web.servlet.WebDriverContextCustomizerFactory$Customizer@7c24b813, [ImportsContextCustomizer@59712875 key = [com.epam.brest.service.config.ServiceTestConfig]], org.springframework.boot.test.context.filter.ExcludeFilterContextCustomizer@659499f1, org.springframework.boot.test.json.DuplicateJsonObjectContextCustomizerFactory$DuplicateJsonObjectContextCustomizer@201a4587, org.springframework.boot.test.mock.mockito.MockitoContextCustomizer@0], contextLoader = 'org.springframework.test.context.support.DelegatingSmartContextLoader', parent = [null]], attributes = map['org.springframework.test.context.event.ApplicationEventsTestExecutionListener.recordApplicationEvents' -> false]].
19:00:09.796 [main] DEBUG org.springframework.jdbc.datasource.DataSourceTransactionManager - Creating new transaction with name [com.epam.brest.service.impl.BandServiceImplIT.testTryToCreateEqualsBands]: PROPAGATION_REQUIRED,ISOLATION_DEFAULT
19:00:09.796 [main] DEBUG org.springframework.jdbc.datasource.SimpleDriverDataSource - Creating new JDBC Driver Connection to [jdbc:h2:mem:testdb;DB_CLOSE_DELAY=-1;DB_CLOSE_ON_EXIT=false]
19:00:09.797 [main] DEBUG org.springframework.jdbc.datasource.DataSourceTransactionManager - Acquired Connection [conn2: url=jdbc:h2:mem:testdb user=SA] for JDBC transaction
19:00:09.797 [main] DEBUG org.springframework.jdbc.datasource.DataSourceTransactionManager - Switching JDBC Connection [conn2: url=jdbc:h2:mem:testdb user=SA] to manual commit
19:00:09.797 [main] INFO org.springframework.test.context.transaction.TransactionContext - Began transaction (1) for test context [DefaultTestContext@72ed9aad testClass = BandServiceImplIT, testInstance = com.epam.brest.service.impl.BandServiceImplIT@47b2e9e1, testMethod = testTryToCreateEqualsBands@BandServiceImplIT, testException = [null], mergedContextConfiguration = [MergedContextConfiguration@4690f583 testClass = BandServiceImplIT, locations = '{}', classes = '{}', contextInitializerClasses = '[]', activeProfiles = '{}', propertySourceLocations = '{}', propertySourceProperties = '{}', contextCustomizers = set[org.springframework.boot.test.autoconfigure.actuate.metrics.MetricsExportContextCustomizerFactory$DisableMetricExportContextCustomizer@505fc5a4, org.springframework.boot.test.autoconfigure.properties.PropertyMappingContextCustomizer@0, org.springframework.boot.test.autoconfigure.web.servlet.WebDriverContextCustomizerFactory$Customizer@7c24b813, [ImportsContextCustomizer@59712875 key = [com.epam.brest.service.config.ServiceTestConfig]], org.springframework.boot.test.context.filter.ExcludeFilterContextCustomizer@659499f1, org.springframework.boot.test.json.DuplicateJsonObjectContextCustomizerFactory$DuplicateJsonObjectContextCustomizer@201a4587, org.springframework.boot.test.mock.mockito.MockitoContextCustomizer@0], contextLoader = 'org.springframework.test.context.support.DelegatingSmartContextLoader', parent = [null]], attributes = map['org.springframework.test.context.event.ApplicationEventsTestExecutionListener.recordApplicationEvents' -> false]]; transaction manager [org.springframework.jdbc.datasource.DataSourceTransactionManager@2f6bcf87]; rollback [true]
19:00:09.798 [main] DEBUG org.springframework.test.context.cache.DefaultCacheAwareContextLoaderDelegate - Retrieved ApplicationContext [1752461090] from cache with key [[MergedContextConfiguration@4690f583 testClass = BandServiceImplIT, locations = '{}', classes = '{}', contextInitializerClasses = '[]', activeProfiles = '{}', propertySourceLocations = '{}', propertySourceProperties = '{}', contextCustomizers = set[org.springframework.boot.test.autoconfigure.actuate.metrics.MetricsExportContextCustomizerFactory$DisableMetricExportContextCustomizer@505fc5a4, org.springframework.boot.test.autoconfigure.properties.PropertyMappingContextCustomizer@0, org.springframework.boot.test.autoconfigure.web.servlet.WebDriverContextCustomizerFactory$Customizer@7c24b813, [ImportsContextCustomizer@59712875 key = [com.epam.brest.service.config.ServiceTestConfig]], org.springframework.boot.test.context.filter.ExcludeFilterContextCustomizer@659499f1, org.springframework.boot.test.json.DuplicateJsonObjectContextCustomizerFactory$DuplicateJsonObjectContextCustomizer@201a4587, org.springframework.boot.test.mock.mockito.MockitoContextCustomizer@0], contextLoader = 'org.springframework.test.context.support.DelegatingSmartContextLoader', parent = [null]]]
19:00:09.798 [main] DEBUG org.springframework.test.context.cache - Spring test ApplicationContext cache statistics: [DefaultContextCache@5767b2af size = 1, maxSize = 32, parentContextCount = 0, hitCount = 15, missCount = 1]
19:00:09.806 [main] DEBUG org.springframework.test.context.cache.DefaultCacheAwareContextLoaderDelegate - Retrieved ApplicationContext [1752461090] from cache with key [[MergedContextConfiguration@4690f583 testClass = BandServiceImplIT, locations = '{}', classes = '{}', contextInitializerClasses = '[]', activeProfiles = '{}', propertySourceLocations = '{}', propertySourceProperties = '{}', contextCustomizers = set[org.springframework.boot.test.autoconfigure.actuate.metrics.MetricsExportContextCustomizerFactory$DisableMetricExportContextCustomizer@505fc5a4, org.springframework.boot.test.autoconfigure.properties.PropertyMappingContextCustomizer@0, org.springframework.boot.test.autoconfigure.web.servlet.WebDriverContextCustomizerFactory$Customizer@7c24b813, [ImportsContextCustomizer@59712875 key = [com.epam.brest.service.config.ServiceTestConfig]], org.springframework.boot.test.context.filter.ExcludeFilterContextCustomizer@659499f1, org.springframework.boot.test.json.DuplicateJsonObjectContextCustomizerFactory$DuplicateJsonObjectContextCustomizer@201a4587, org.springframework.boot.test.mock.mockito.MockitoContextCustomizer@0], contextLoader = 'org.springframework.test.context.support.DelegatingSmartContextLoader', parent = [null]]]
19:00:09.806 [main] DEBUG org.springframework.test.context.cache - Spring test ApplicationContext cache statistics: [DefaultContextCache@5767b2af size = 1, maxSize = 32, parentContextCount = 0, hitCount = 16, missCount = 1]
19:00:09.806 [main] DEBUG com.epam.brest.service.impl.BandServiceImplIT - Band service execute test: testTryToCreateEqualsBands()
19:00:09.818 [main] DEBUG com.epam.brest.service.impl.BandServiceImpl - create(Band{bandId=null, bandName='Offspring', bandDetails='null'})
19:00:09.819 [main] DEBUG com.epam.brest.dao.BandDaoJdbcImpl - Start: create(Band{bandId=null, bandName='Offspring', bandDetails='null'})
19:00:09.819 [main] DEBUG com.epam.brest.dao.BandDaoJdbcImpl - Start: isBandNameUnique(Band{bandId=null, bandName='Offspring', bandDetails='null'})
19:00:09.820 [main] DEBUG org.springframework.jdbc.core.JdbcTemplate - Executing prepared SQL query
19:00:09.820 [main] DEBUG org.springframework.jdbc.core.JdbcTemplate - Executing prepared SQL statement [SELECT * FROM band WHERE band_name = ?]
19:00:09.822 [main] DEBUG org.springframework.jdbc.core.JdbcTemplate - Executing SQL update and returning generated keys
19:00:09.822 [main] DEBUG org.springframework.jdbc.core.JdbcTemplate - Executing prepared SQL statement [INSERT INTO band(band_name, band_details) values(?, ?)]
19:00:09.824 [main] DEBUG com.epam.brest.service.impl.BandServiceImpl - create(Band{bandId=null, bandName='Offspring', bandDetails='null'})
19:00:09.825 [main] DEBUG com.epam.brest.dao.BandDaoJdbcImpl - Start: create(Band{bandId=null, bandName='Offspring', bandDetails='null'})
19:00:09.825 [main] DEBUG com.epam.brest.dao.BandDaoJdbcImpl - Start: isBandNameUnique(Band{bandId=null, bandName='Offspring', bandDetails='null'})
19:00:09.825 [main] DEBUG org.springframework.jdbc.core.JdbcTemplate - Executing prepared SQL query
19:00:09.825 [main] DEBUG org.springframework.jdbc.core.JdbcTemplate - Executing prepared SQL statement [SELECT * FROM band WHERE band_name = ?]
19:00:09.825 [main] DEBUG com.epam.brest.dao.BandDaoJdbcImpl - Start: band mapRow
19:00:09.825 [main] WARN com.epam.brest.dao.BandDaoJdbcImpl - Band OFFSPRING already exists in DB!
19:00:09.828 [main] DEBUG org.springframework.test.context.cache.DefaultCacheAwareContextLoaderDelegate - Retrieved ApplicationContext [1752461090] from cache with key [[MergedContextConfiguration@4690f583 testClass = BandServiceImplIT, locations = '{}', classes = '{}', contextInitializerClasses = '[]', activeProfiles = '{}', propertySourceLocations = '{}', propertySourceProperties = '{}', contextCustomizers = set[org.springframework.boot.test.autoconfigure.actuate.metrics.MetricsExportContextCustomizerFactory$DisableMetricExportContextCustomizer@505fc5a4, org.springframework.boot.test.autoconfigure.properties.PropertyMappingContextCustomizer@0, org.springframework.boot.test.autoconfigure.web.servlet.WebDriverContextCustomizerFactory$Customizer@7c24b813, [ImportsContextCustomizer@59712875 key = [com.epam.brest.service.config.ServiceTestConfig]], org.springframework.boot.test.context.filter.ExcludeFilterContextCustomizer@659499f1, org.springframework.boot.test.json.DuplicateJsonObjectContextCustomizerFactory$DuplicateJsonObjectContextCustomizer@201a4587, org.springframework.boot.test.mock.mockito.MockitoContextCustomizer@0], contextLoader = 'org.springframework.test.context.support.DelegatingSmartContextLoader', parent = [null]]]
19:00:09.828 [main] DEBUG org.springframework.test.context.cache - Spring test ApplicationContext cache statistics: [DefaultContextCache@5767b2af size = 1, maxSize = 32, parentContextCount = 0, hitCount = 17, missCount = 1]
19:00:09.828 [main] DEBUG org.springframework.test.context.cache.DefaultCacheAwareContextLoaderDelegate - Retrieved ApplicationContext [1752461090] from cache with key [[MergedContextConfiguration@4690f583 testClass = BandServiceImplIT, locations = '{}', classes = '{}', contextInitializerClasses = '[]', activeProfiles = '{}', propertySourceLocations = '{}', propertySourceProperties = '{}', contextCustomizers = set[org.springframework.boot.test.autoconfigure.actuate.metrics.MetricsExportContextCustomizerFactory$DisableMetricExportContextCustomizer@505fc5a4, org.springframework.boot.test.autoconfigure.properties.PropertyMappingContextCustomizer@0, org.springframework.boot.test.autoconfigure.web.servlet.WebDriverContextCustomizerFactory$Customizer@7c24b813, [ImportsContextCustomizer@59712875 key = [com.epam.brest.service.config.ServiceTestConfig]], org.springframework.boot.test.context.filter.ExcludeFilterContextCustomizer@659499f1, org.springframework.boot.test.json.DuplicateJsonObjectContextCustomizerFactory$DuplicateJsonObjectContextCustomizer@201a4587, org.springframework.boot.test.mock.mockito.MockitoContextCustomizer@0], contextLoader = 'org.springframework.test.context.support.DelegatingSmartContextLoader', parent = [null]]]
19:00:09.828 [main] DEBUG org.springframework.test.context.cache - Spring test ApplicationContext cache statistics: [DefaultContextCache@5767b2af size = 1, maxSize = 32, parentContextCount = 0, hitCount = 18, missCount = 1]
19:00:09.829 [main] DEBUG org.springframework.test.context.cache.DefaultCacheAwareContextLoaderDelegate - Retrieved ApplicationContext [1752461090] from cache with key [[MergedContextConfiguration@4690f583 testClass = BandServiceImplIT, locations = '{}', classes = '{}', contextInitializerClasses = '[]', activeProfiles = '{}', propertySourceLocations = '{}', propertySourceProperties = '{}', contextCustomizers = set[org.springframework.boot.test.autoconfigure.actuate.metrics.MetricsExportContextCustomizerFactory$DisableMetricExportContextCustomizer@505fc5a4, org.springframework.boot.test.autoconfigure.properties.PropertyMappingContextCustomizer@0, org.springframework.boot.test.autoconfigure.web.servlet.WebDriverContextCustomizerFactory$Customizer@7c24b813, [ImportsContextCustomizer@59712875 key = [com.epam.brest.service.config.ServiceTestConfig]], org.springframework.boot.test.context.filter.ExcludeFilterContextCustomizer@659499f1, org.springframework.boot.test.json.DuplicateJsonObjectContextCustomizerFactory$DuplicateJsonObjectContextCustomizer@201a4587, org.springframework.boot.test.mock.mockito.MockitoContextCustomizer@0], contextLoader = 'org.springframework.test.context.support.DelegatingSmartContextLoader', parent = [null]]]
19:00:09.829 [main] DEBUG org.springframework.test.context.cache - Spring test ApplicationContext cache statistics: [DefaultContextCache@5767b2af size = 1, maxSize = 32, parentContextCount = 0, hitCount = 19, missCount = 1]
19:00:09.829 [main] DEBUG org.springframework.test.context.cache.DefaultCacheAwareContextLoaderDelegate - Retrieved ApplicationContext [1752461090] from cache with key [[MergedContextConfiguration@4690f583 testClass = BandServiceImplIT, locations = '{}', classes = '{}', contextInitializerClasses = '[]', activeProfiles = '{}', propertySourceLocations = '{}', propertySourceProperties = '{}', contextCustomizers = set[org.springframework.boot.test.autoconfigure.actuate.metrics.MetricsExportContextCustomizerFactory$DisableMetricExportContextCustomizer@505fc5a4, org.springframework.boot.test.autoconfigure.properties.PropertyMappingContextCustomizer@0, org.springframework.boot.test.autoconfigure.web.servlet.WebDriverContextCustomizerFactory$Customizer@7c24b813, [ImportsContextCustomizer@59712875 key = [com.epam.brest.service.config.ServiceTestConfig]], org.springframework.boot.test.context.filter.ExcludeFilterContextCustomizer@659499f1, org.springframework.boot.test.json.DuplicateJsonObjectContextCustomizerFactory$DuplicateJsonObjectContextCustomizer@201a4587, org.springframework.boot.test.mock.mockito.MockitoContextCustomizer@0], contextLoader = 'org.springframework.test.context.support.DelegatingSmartContextLoader', parent = [null]]]
19:00:09.829 [main] DEBUG org.springframework.test.context.cache - Spring test ApplicationContext cache statistics: [DefaultContextCache@5767b2af size = 1, maxSize = 32, parentContextCount = 0, hitCount = 20, missCount = 1]
19:00:09.830 [main] DEBUG org.springframework.test.context.cache.DefaultCacheAwareContextLoaderDelegate - Retrieved ApplicationContext [1752461090] from cache with key [[MergedContextConfiguration@4690f583 testClass = BandServiceImplIT, locations = '{}', classes = '{}', contextInitializerClasses = '[]', activeProfiles = '{}', propertySourceLocations = '{}', propertySourceProperties = '{}', contextCustomizers = set[org.springframework.boot.test.autoconfigure.actuate.metrics.MetricsExportContextCustomizerFactory$DisableMetricExportContextCustomizer@505fc5a4, org.springframework.boot.test.autoconfigure.properties.PropertyMappingContextCustomizer@0, org.springframework.boot.test.autoconfigure.web.servlet.WebDriverContextCustomizerFactory$Customizer@7c24b813, [ImportsContextCustomizer@59712875 key = [com.epam.brest.service.config.ServiceTestConfig]], org.springframework.boot.test.context.filter.ExcludeFilterContextCustomizer@659499f1, org.springframework.boot.test.json.DuplicateJsonObjectContextCustomizerFactory$DuplicateJsonObjectContextCustomizer@201a4587, org.springframework.boot.test.mock.mockito.MockitoContextCustomizer@0], contextLoader = 'org.springframework.test.context.support.DelegatingSmartContextLoader', parent = [null]]]
19:00:09.830 [main] DEBUG org.springframework.test.context.cache - Spring test ApplicationContext cache statistics: [DefaultContextCache@5767b2af size = 1, maxSize = 32, parentContextCount = 0, hitCount = 21, missCount = 1]
19:00:09.830 [main] DEBUG org.springframework.jdbc.datasource.DataSourceTransactionManager - Initiating transaction rollback
19:00:09.830 [main] DEBUG org.springframework.jdbc.datasource.DataSourceTransactionManager - Rolling back JDBC transaction on Connection [conn2: url=jdbc:h2:mem:testdb user=SA]
19:00:09.831 [main] DEBUG org.springframework.jdbc.datasource.DataSourceTransactionManager - Releasing JDBC Connection [conn2: url=jdbc:h2:mem:testdb user=SA] after transaction
19:00:09.831 [main] INFO org.springframework.test.context.transaction.TransactionContext - Rolled back transaction for test: [DefaultTestContext@72ed9aad testClass = BandServiceImplIT, testInstance = com.epam.brest.service.impl.BandServiceImplIT@47b2e9e1, testMethod = testTryToCreateEqualsBands@BandServiceImplIT, testException = [null], mergedContextConfiguration = [MergedContextConfiguration@4690f583 testClass = BandServiceImplIT, locations = '{}', classes = '{}', contextInitializerClasses = '[]', activeProfiles = '{}', propertySourceLocations = '{}', propertySourceProperties = '{}', contextCustomizers = set[org.springframework.boot.test.autoconfigure.actuate.metrics.MetricsExportContextCustomizerFactory$DisableMetricExportContextCustomizer@505fc5a4, org.springframework.boot.test.autoconfigure.properties.PropertyMappingContextCustomizer@0, org.springframework.boot.test.autoconfigure.web.servlet.WebDriverContextCustomizerFactory$Customizer@7c24b813, [ImportsContextCustomizer@59712875 key = [com.epam.brest.service.config.ServiceTestConfig]], org.springframework.boot.test.context.filter.ExcludeFilterContextCustomizer@659499f1, org.springframework.boot.test.json.DuplicateJsonObjectContextCustomizerFactory$DuplicateJsonObjectContextCustomizer@201a4587, org.springframework.boot.test.mock.mockito.MockitoContextCustomizer@0], contextLoader = 'org.springframework.test.context.support.DelegatingSmartContextLoader', parent = [null]], attributes = map['org.springframework.test.context.event.ApplicationEventsTestExecutionListener.recordApplicationEvents' -> false]]
19:00:09.831 [main] DEBUG org.springframework.test.context.support.AbstractDirtiesContextTestExecutionListener - After test method: context [DefaultTestContext@72ed9aad testClass = BandServiceImplIT, testInstance = com.epam.brest.service.impl.BandServiceImplIT@47b2e9e1, testMethod = testTryToCreateEqualsBands@BandServiceImplIT, testException = [null], mergedContextConfiguration = [MergedContextConfiguration@4690f583 testClass = BandServiceImplIT, locations = '{}', classes = '{}', contextInitializerClasses = '[]', activeProfiles = '{}', propertySourceLocations = '{}', propertySourceProperties = '{}', contextCustomizers = set[org.springframework.boot.test.autoconfigure.actuate.metrics.MetricsExportContextCustomizerFactory$DisableMetricExportContextCustomizer@505fc5a4, org.springframework.boot.test.autoconfigure.properties.PropertyMappingContextCustomizer@0, org.springframework.boot.test.autoconfigure.web.servlet.WebDriverContextCustomizerFactory$Customizer@7c24b813, [ImportsContextCustomizer@59712875 key = [com.epam.brest.service.config.ServiceTestConfig]], org.springframework.boot.test.context.filter.ExcludeFilterContextCustomizer@659499f1, org.springframework.boot.test.json.DuplicateJsonObjectContextCustomizerFactory$DuplicateJsonObjectContextCustomizer@201a4587, org.springframework.boot.test.mock.mockito.MockitoContextCustomizer@0], contextLoader = 'org.springframework.test.context.support.DelegatingSmartContextLoader', parent = [null]], attributes = map['org.springframework.test.context.event.ApplicationEventsTestExecutionListener.recordApplicationEvents' -> false]], class annotated with @DirtiesContext [false] with mode [null], method annotated with @DirtiesContext [false] with mode [null].
]]></system-out>
  </testcase>
  <testcase name="testFindAll" classname="com.epam.brest.service.impl.BandServiceImplIT" time="0.015">
    <system-out><![CDATA[19:00:09.833 [main] DEBUG org.springframework.test.context.support.DependencyInjectionTestExecutionListener - Performing dependency injection for test context [[DefaultTestContext@72ed9aad testClass = BandServiceImplIT, testInstance = com.epam.brest.service.impl.BandServiceImplIT@12a160c2, testMethod = [null], testException = [null], mergedContextConfiguration = [MergedContextConfiguration@4690f583 testClass = BandServiceImplIT, locations = '{}', classes = '{}', contextInitializerClasses = '[]', activeProfiles = '{}', propertySourceLocations = '{}', propertySourceProperties = '{}', contextCustomizers = set[org.springframework.boot.test.autoconfigure.actuate.metrics.MetricsExportContextCustomizerFactory$DisableMetricExportContextCustomizer@505fc5a4, org.springframework.boot.test.autoconfigure.properties.PropertyMappingContextCustomizer@0, org.springframework.boot.test.autoconfigure.web.servlet.WebDriverContextCustomizerFactory$Customizer@7c24b813, [ImportsContextCustomizer@59712875 key = [com.epam.brest.service.config.ServiceTestConfig]], org.springframework.boot.test.context.filter.ExcludeFilterContextCustomizer@659499f1, org.springframework.boot.test.json.DuplicateJsonObjectContextCustomizerFactory$DuplicateJsonObjectContextCustomizer@201a4587, org.springframework.boot.test.mock.mockito.MockitoContextCustomizer@0], contextLoader = 'org.springframework.test.context.support.DelegatingSmartContextLoader', parent = [null]], attributes = map['org.springframework.test.context.event.ApplicationEventsTestExecutionListener.recordApplicationEvents' -> false]]].
19:00:09.833 [main] DEBUG org.springframework.test.context.cache.DefaultCacheAwareContextLoaderDelegate - Retrieved ApplicationContext [1752461090] from cache with key [[MergedContextConfiguration@4690f583 testClass = BandServiceImplIT, locations = '{}', classes = '{}', contextInitializerClasses = '[]', activeProfiles = '{}', propertySourceLocations = '{}', propertySourceProperties = '{}', contextCustomizers = set[org.springframework.boot.test.autoconfigure.actuate.metrics.MetricsExportContextCustomizerFactory$DisableMetricExportContextCustomizer@505fc5a4, org.springframework.boot.test.autoconfigure.properties.PropertyMappingContextCustomizer@0, org.springframework.boot.test.autoconfigure.web.servlet.WebDriverContextCustomizerFactory$Customizer@7c24b813, [ImportsContextCustomizer@59712875 key = [com.epam.brest.service.config.ServiceTestConfig]], org.springframework.boot.test.context.filter.ExcludeFilterContextCustomizer@659499f1, org.springframework.boot.test.json.DuplicateJsonObjectContextCustomizerFactory$DuplicateJsonObjectContextCustomizer@201a4587, org.springframework.boot.test.mock.mockito.MockitoContextCustomizer@0], contextLoader = 'org.springframework.test.context.support.DelegatingSmartContextLoader', parent = [null]]]
19:00:09.833 [main] DEBUG org.springframework.test.context.cache - Spring test ApplicationContext cache statistics: [DefaultContextCache@5767b2af size = 1, maxSize = 32, parentContextCount = 0, hitCount = 22, missCount = 1]
19:00:09.834 [main] DEBUG org.springframework.test.context.cache.DefaultCacheAwareContextLoaderDelegate - Retrieved ApplicationContext [1752461090] from cache with key [[MergedContextConfiguration@4690f583 testClass = BandServiceImplIT, locations = '{}', classes = '{}', contextInitializerClasses = '[]', activeProfiles = '{}', propertySourceLocations = '{}', propertySourceProperties = '{}', contextCustomizers = set[org.springframework.boot.test.autoconfigure.actuate.metrics.MetricsExportContextCustomizerFactory$DisableMetricExportContextCustomizer@505fc5a4, org.springframework.boot.test.autoconfigure.properties.PropertyMappingContextCustomizer@0, org.springframework.boot.test.autoconfigure.web.servlet.WebDriverContextCustomizerFactory$Customizer@7c24b813, [ImportsContextCustomizer@59712875 key = [com.epam.brest.service.config.ServiceTestConfig]], org.springframework.boot.test.context.filter.ExcludeFilterContextCustomizer@659499f1, org.springframework.boot.test.json.DuplicateJsonObjectContextCustomizerFactory$DuplicateJsonObjectContextCustomizer@201a4587, org.springframework.boot.test.mock.mockito.MockitoContextCustomizer@0], contextLoader = 'org.springframework.test.context.support.DelegatingSmartContextLoader', parent = [null]]]
19:00:09.834 [main] DEBUG org.springframework.test.context.cache - Spring test ApplicationContext cache statistics: [DefaultContextCache@5767b2af size = 1, maxSize = 32, parentContextCount = 0, hitCount = 23, missCount = 1]
19:00:09.835 [main] DEBUG org.springframework.test.context.support.AbstractDirtiesContextTestExecutionListener - Before test method: context [DefaultTestContext@72ed9aad testClass = BandServiceImplIT, testInstance = com.epam.brest.service.impl.BandServiceImplIT@12a160c2, testMethod = testFindAll@BandServiceImplIT, testException = [null], mergedContextConfiguration = [MergedContextConfiguration@4690f583 testClass = BandServiceImplIT, locations = '{}', classes = '{}', contextInitializerClasses = '[]', activeProfiles = '{}', propertySourceLocations = '{}', propertySourceProperties = '{}', contextCustomizers = set[org.springframework.boot.test.autoconfigure.actuate.metrics.MetricsExportContextCustomizerFactory$DisableMetricExportContextCustomizer@505fc5a4, org.springframework.boot.test.autoconfigure.properties.PropertyMappingContextCustomizer@0, org.springframework.boot.test.autoconfigure.web.servlet.WebDriverContextCustomizerFactory$Customizer@7c24b813, [ImportsContextCustomizer@59712875 key = [com.epam.brest.service.config.ServiceTestConfig]], org.springframework.boot.test.context.filter.ExcludeFilterContextCustomizer@659499f1, org.springframework.boot.test.json.DuplicateJsonObjectContextCustomizerFactory$DuplicateJsonObjectContextCustomizer@201a4587, org.springframework.boot.test.mock.mockito.MockitoContextCustomizer@0], contextLoader = 'org.springframework.test.context.support.DelegatingSmartContextLoader', parent = [null]], attributes = map['org.springframework.test.context.event.ApplicationEventsTestExecutionListener.recordApplicationEvents' -> false]], class annotated with @DirtiesContext [false] with mode [null], method annotated with @DirtiesContext [false] with mode [null].
19:00:09.837 [main] DEBUG org.springframework.test.context.transaction.TransactionalTestExecutionListener - Explicit transaction definition [PROPAGATION_REQUIRED,ISOLATION_DEFAULT] found for test context [DefaultTestContext@72ed9aad testClass = BandServiceImplIT, testInstance = com.epam.brest.service.impl.BandServiceImplIT@12a160c2, testMethod = testFindAll@BandServiceImplIT, testException = [null], mergedContextConfiguration = [MergedContextConfiguration@4690f583 testClass = BandServiceImplIT, locations = '{}', classes = '{}', contextInitializerClasses = '[]', activeProfiles = '{}', propertySourceLocations = '{}', propertySourceProperties = '{}', contextCustomizers = set[org.springframework.boot.test.autoconfigure.actuate.metrics.MetricsExportContextCustomizerFactory$DisableMetricExportContextCustomizer@505fc5a4, org.springframework.boot.test.autoconfigure.properties.PropertyMappingContextCustomizer@0, org.springframework.boot.test.autoconfigure.web.servlet.WebDriverContextCustomizerFactory$Customizer@7c24b813, [ImportsContextCustomizer@59712875 key = [com.epam.brest.service.config.ServiceTestConfig]], org.springframework.boot.test.context.filter.ExcludeFilterContextCustomizer@659499f1, org.springframework.boot.test.json.DuplicateJsonObjectContextCustomizerFactory$DuplicateJsonObjectContextCustomizer@201a4587, org.springframework.boot.test.mock.mockito.MockitoContextCustomizer@0], contextLoader = 'org.springframework.test.context.support.DelegatingSmartContextLoader', parent = [null]], attributes = map['org.springframework.test.context.event.ApplicationEventsTestExecutionListener.recordApplicationEvents' -> false]]
19:00:09.838 [main] DEBUG org.springframework.test.context.cache.DefaultCacheAwareContextLoaderDelegate - Retrieved ApplicationContext [1752461090] from cache with key [[MergedContextConfiguration@4690f583 testClass = BandServiceImplIT, locations = '{}', classes = '{}', contextInitializerClasses = '[]', activeProfiles = '{}', propertySourceLocations = '{}', propertySourceProperties = '{}', contextCustomizers = set[org.springframework.boot.test.autoconfigure.actuate.metrics.MetricsExportContextCustomizerFactory$DisableMetricExportContextCustomizer@505fc5a4, org.springframework.boot.test.autoconfigure.properties.PropertyMappingContextCustomizer@0, org.springframework.boot.test.autoconfigure.web.servlet.WebDriverContextCustomizerFactory$Customizer@7c24b813, [ImportsContextCustomizer@59712875 key = [com.epam.brest.service.config.ServiceTestConfig]], org.springframework.boot.test.context.filter.ExcludeFilterContextCustomizer@659499f1, org.springframework.boot.test.json.DuplicateJsonObjectContextCustomizerFactory$DuplicateJsonObjectContextCustomizer@201a4587, org.springframework.boot.test.mock.mockito.MockitoContextCustomizer@0], contextLoader = 'org.springframework.test.context.support.DelegatingSmartContextLoader', parent = [null]]]
19:00:09.838 [main] DEBUG org.springframework.test.context.cache - Spring test ApplicationContext cache statistics: [DefaultContextCache@5767b2af size = 1, maxSize = 32, parentContextCount = 0, hitCount = 24, missCount = 1]
19:00:09.838 [main] DEBUG org.springframework.test.context.transaction.TransactionalTestExecutionListener - Retrieved default @Rollback(true) for test class [com.epam.brest.service.impl.BandServiceImplIT].
19:00:09.838 [main] DEBUG org.springframework.test.context.transaction.TransactionalTestExecutionListener - No method-level @Rollback override: using default rollback [true] for test context [DefaultTestContext@72ed9aad testClass = BandServiceImplIT, testInstance = com.epam.brest.service.impl.BandServiceImplIT@12a160c2, testMethod = testFindAll@BandServiceImplIT, testException = [null], mergedContextConfiguration = [MergedContextConfiguration@4690f583 testClass = BandServiceImplIT, locations = '{}', classes = '{}', contextInitializerClasses = '[]', activeProfiles = '{}', propertySourceLocations = '{}', propertySourceProperties = '{}', contextCustomizers = set[org.springframework.boot.test.autoconfigure.actuate.metrics.MetricsExportContextCustomizerFactory$DisableMetricExportContextCustomizer@505fc5a4, org.springframework.boot.test.autoconfigure.properties.PropertyMappingContextCustomizer@0, org.springframework.boot.test.autoconfigure.web.servlet.WebDriverContextCustomizerFactory$Customizer@7c24b813, [ImportsContextCustomizer@59712875 key = [com.epam.brest.service.config.ServiceTestConfig]], org.springframework.boot.test.context.filter.ExcludeFilterContextCustomizer@659499f1, org.springframework.boot.test.json.DuplicateJsonObjectContextCustomizerFactory$DuplicateJsonObjectContextCustomizer@201a4587, org.springframework.boot.test.mock.mockito.MockitoContextCustomizer@0], contextLoader = 'org.springframework.test.context.support.DelegatingSmartContextLoader', parent = [null]], attributes = map['org.springframework.test.context.event.ApplicationEventsTestExecutionListener.recordApplicationEvents' -> false]].
19:00:09.838 [main] DEBUG org.springframework.jdbc.datasource.DataSourceTransactionManager - Creating new transaction with name [com.epam.brest.service.impl.BandServiceImplIT.testFindAll]: PROPAGATION_REQUIRED,ISOLATION_DEFAULT
19:00:09.838 [main] DEBUG org.springframework.jdbc.datasource.SimpleDriverDataSource - Creating new JDBC Driver Connection to [jdbc:h2:mem:testdb;DB_CLOSE_DELAY=-1;DB_CLOSE_ON_EXIT=false]
19:00:09.839 [main] DEBUG org.springframework.jdbc.datasource.DataSourceTransactionManager - Acquired Connection [conn3: url=jdbc:h2:mem:testdb user=SA] for JDBC transaction
19:00:09.840 [main] DEBUG org.springframework.jdbc.datasource.DataSourceTransactionManager - Switching JDBC Connection [conn3: url=jdbc:h2:mem:testdb user=SA] to manual commit
19:00:09.841 [main] INFO org.springframework.test.context.transaction.TransactionContext - Began transaction (1) for test context [DefaultTestContext@72ed9aad testClass = BandServiceImplIT, testInstance = com.epam.brest.service.impl.BandServiceImplIT@12a160c2, testMethod = testFindAll@BandServiceImplIT, testException = [null], mergedContextConfiguration = [MergedContextConfiguration@4690f583 testClass = BandServiceImplIT, locations = '{}', classes = '{}', contextInitializerClasses = '[]', activeProfiles = '{}', propertySourceLocations = '{}', propertySourceProperties = '{}', contextCustomizers = set[org.springframework.boot.test.autoconfigure.actuate.metrics.MetricsExportContextCustomizerFactory$DisableMetricExportContextCustomizer@505fc5a4, org.springframework.boot.test.autoconfigure.properties.PropertyMappingContextCustomizer@0, org.springframework.boot.test.autoconfigure.web.servlet.WebDriverContextCustomizerFactory$Customizer@7c24b813, [ImportsContextCustomizer@59712875 key = [com.epam.brest.service.config.ServiceTestConfig]], org.springframework.boot.test.context.filter.ExcludeFilterContextCustomizer@659499f1, org.springframework.boot.test.json.DuplicateJsonObjectContextCustomizerFactory$DuplicateJsonObjectContextCustomizer@201a4587, org.springframework.boot.test.mock.mockito.MockitoContextCustomizer@0], contextLoader = 'org.springframework.test.context.support.DelegatingSmartContextLoader', parent = [null]], attributes = map['org.springframework.test.context.event.ApplicationEventsTestExecutionListener.recordApplicationEvents' -> false]]; transaction manager [org.springframework.jdbc.datasource.DataSourceTransactionManager@2f6bcf87]; rollback [true]
19:00:09.841 [main] DEBUG org.springframework.test.context.cache.DefaultCacheAwareContextLoaderDelegate - Retrieved ApplicationContext [1752461090] from cache with key [[MergedContextConfiguration@4690f583 testClass = BandServiceImplIT, locations = '{}', classes = '{}', contextInitializerClasses = '[]', activeProfiles = '{}', propertySourceLocations = '{}', propertySourceProperties = '{}', contextCustomizers = set[org.springframework.boot.test.autoconfigure.actuate.metrics.MetricsExportContextCustomizerFactory$DisableMetricExportContextCustomizer@505fc5a4, org.springframework.boot.test.autoconfigure.properties.PropertyMappingContextCustomizer@0, org.springframework.boot.test.autoconfigure.web.servlet.WebDriverContextCustomizerFactory$Customizer@7c24b813, [ImportsContextCustomizer@59712875 key = [com.epam.brest.service.config.ServiceTestConfig]], org.springframework.boot.test.context.filter.ExcludeFilterContextCustomizer@659499f1, org.springframework.boot.test.json.DuplicateJsonObjectContextCustomizerFactory$DuplicateJsonObjectContextCustomizer@201a4587, org.springframework.boot.test.mock.mockito.MockitoContextCustomizer@0], contextLoader = 'org.springframework.test.context.support.DelegatingSmartContextLoader', parent = [null]]]
19:00:09.841 [main] DEBUG org.springframework.test.context.cache - Spring test ApplicationContext cache statistics: [DefaultContextCache@5767b2af size = 1, maxSize = 32, parentContextCount = 0, hitCount = 25, missCount = 1]
19:00:09.842 [main] DEBUG org.springframework.test.context.cache.DefaultCacheAwareContextLoaderDelegate - Retrieved ApplicationContext [1752461090] from cache with key [[MergedContextConfiguration@4690f583 testClass = BandServiceImplIT, locations = '{}', classes = '{}', contextInitializerClasses = '[]', activeProfiles = '{}', propertySourceLocations = '{}', propertySourceProperties = '{}', contextCustomizers = set[org.springframework.boot.test.autoconfigure.actuate.metrics.MetricsExportContextCustomizerFactory$DisableMetricExportContextCustomizer@505fc5a4, org.springframework.boot.test.autoconfigure.properties.PropertyMappingContextCustomizer@0, org.springframework.boot.test.autoconfigure.web.servlet.WebDriverContextCustomizerFactory$Customizer@7c24b813, [ImportsContextCustomizer@59712875 key = [com.epam.brest.service.config.ServiceTestConfig]], org.springframework.boot.test.context.filter.ExcludeFilterContextCustomizer@659499f1, org.springframework.boot.test.json.DuplicateJsonObjectContextCustomizerFactory$DuplicateJsonObjectContextCustomizer@201a4587, org.springframework.boot.test.mock.mockito.MockitoContextCustomizer@0], contextLoader = 'org.springframework.test.context.support.DelegatingSmartContextLoader', parent = [null]]]
19:00:09.842 [main] DEBUG org.springframework.test.context.cache - Spring test ApplicationContext cache statistics: [DefaultContextCache@5767b2af size = 1, maxSize = 32, parentContextCount = 0, hitCount = 26, missCount = 1]
19:00:09.842 [main] DEBUG com.epam.brest.service.impl.BandServiceImplIT - Band service execute test: testFindAll()
19:00:09.842 [main] DEBUG com.epam.brest.service.impl.BandServiceImpl - findAll()
19:00:09.842 [main] DEBUG com.epam.brest.dao.BandDaoJdbcImpl - Start: findAll()
19:00:09.842 [main] DEBUG org.springframework.jdbc.core.JdbcTemplate - Executing prepared SQL query
19:00:09.843 [main] DEBUG org.springframework.jdbc.core.JdbcTemplate - Executing prepared SQL statement [SELECT * FROM band]
19:00:09.843 [main] DEBUG com.epam.brest.dao.BandDaoJdbcImpl - Start: band mapRow
19:00:09.843 [main] DEBUG com.epam.brest.dao.BandDaoJdbcImpl - Start: band mapRow
19:00:09.843 [main] DEBUG com.epam.brest.dao.BandDaoJdbcImpl - Start: band mapRow
19:00:09.843 [main] DEBUG com.epam.brest.service.impl.BandServiceImpl - findAll()
19:00:09.843 [main] DEBUG com.epam.brest.dao.BandDaoJdbcImpl - Start: findAll()
19:00:09.843 [main] DEBUG org.springframework.jdbc.core.JdbcTemplate - Executing prepared SQL query
19:00:09.844 [main] DEBUG org.springframework.jdbc.core.JdbcTemplate - Executing prepared SQL statement [SELECT * FROM band]
19:00:09.844 [main] DEBUG com.epam.brest.dao.BandDaoJdbcImpl - Start: band mapRow
19:00:09.844 [main] DEBUG com.epam.brest.dao.BandDaoJdbcImpl - Start: band mapRow
19:00:09.844 [main] DEBUG com.epam.brest.dao.BandDaoJdbcImpl - Start: band mapRow
19:00:09.844 [main] DEBUG org.springframework.test.context.cache.DefaultCacheAwareContextLoaderDelegate - Retrieved ApplicationContext [1752461090] from cache with key [[MergedContextConfiguration@4690f583 testClass = BandServiceImplIT, locations = '{}', classes = '{}', contextInitializerClasses = '[]', activeProfiles = '{}', propertySourceLocations = '{}', propertySourceProperties = '{}', contextCustomizers = set[org.springframework.boot.test.autoconfigure.actuate.metrics.MetricsExportContextCustomizerFactory$DisableMetricExportContextCustomizer@505fc5a4, org.springframework.boot.test.autoconfigure.properties.PropertyMappingContextCustomizer@0, org.springframework.boot.test.autoconfigure.web.servlet.WebDriverContextCustomizerFactory$Customizer@7c24b813, [ImportsContextCustomizer@59712875 key = [com.epam.brest.service.config.ServiceTestConfig]], org.springframework.boot.test.context.filter.ExcludeFilterContextCustomizer@659499f1, org.springframework.boot.test.json.DuplicateJsonObjectContextCustomizerFactory$DuplicateJsonObjectContextCustomizer@201a4587, org.springframework.boot.test.mock.mockito.MockitoContextCustomizer@0], contextLoader = 'org.springframework.test.context.support.DelegatingSmartContextLoader', parent = [null]]]
19:00:09.845 [main] DEBUG org.springframework.test.context.cache - Spring test ApplicationContext cache statistics: [DefaultContextCache@5767b2af size = 1, maxSize = 32, parentContextCount = 0, hitCount = 27, missCount = 1]
19:00:09.845 [main] DEBUG org.springframework.test.context.cache.DefaultCacheAwareContextLoaderDelegate - Retrieved ApplicationContext [1752461090] from cache with key [[MergedContextConfiguration@4690f583 testClass = BandServiceImplIT, locations = '{}', classes = '{}', contextInitializerClasses = '[]', activeProfiles = '{}', propertySourceLocations = '{}', propertySourceProperties = '{}', contextCustomizers = set[org.springframework.boot.test.autoconfigure.actuate.metrics.MetricsExportContextCustomizerFactory$DisableMetricExportContextCustomizer@505fc5a4, org.springframework.boot.test.autoconfigure.properties.PropertyMappingContextCustomizer@0, org.springframework.boot.test.autoconfigure.web.servlet.WebDriverContextCustomizerFactory$Customizer@7c24b813, [ImportsContextCustomizer@59712875 key = [com.epam.brest.service.config.ServiceTestConfig]], org.springframework.boot.test.context.filter.ExcludeFilterContextCustomizer@659499f1, org.springframework.boot.test.json.DuplicateJsonObjectContextCustomizerFactory$DuplicateJsonObjectContextCustomizer@201a4587, org.springframework.boot.test.mock.mockito.MockitoContextCustomizer@0], contextLoader = 'org.springframework.test.context.support.DelegatingSmartContextLoader', parent = [null]]]
19:00:09.845 [main] DEBUG org.springframework.test.context.cache - Spring test ApplicationContext cache statistics: [DefaultContextCache@5767b2af size = 1, maxSize = 32, parentContextCount = 0, hitCount = 28, missCount = 1]
19:00:09.845 [main] DEBUG org.springframework.test.context.cache.DefaultCacheAwareContextLoaderDelegate - Retrieved ApplicationContext [1752461090] from cache with key [[MergedContextConfiguration@4690f583 testClass = BandServiceImplIT, locations = '{}', classes = '{}', contextInitializerClasses = '[]', activeProfiles = '{}', propertySourceLocations = '{}', propertySourceProperties = '{}', contextCustomizers = set[org.springframework.boot.test.autoconfigure.actuate.metrics.MetricsExportContextCustomizerFactory$DisableMetricExportContextCustomizer@505fc5a4, org.springframework.boot.test.autoconfigure.properties.PropertyMappingContextCustomizer@0, org.springframework.boot.test.autoconfigure.web.servlet.WebDriverContextCustomizerFactory$Customizer@7c24b813, [ImportsContextCustomizer@59712875 key = [com.epam.brest.service.config.ServiceTestConfig]], org.springframework.boot.test.context.filter.ExcludeFilterContextCustomizer@659499f1, org.springframework.boot.test.json.DuplicateJsonObjectContextCustomizerFactory$DuplicateJsonObjectContextCustomizer@201a4587, org.springframework.boot.test.mock.mockito.MockitoContextCustomizer@0], contextLoader = 'org.springframework.test.context.support.DelegatingSmartContextLoader', parent = [null]]]
19:00:09.845 [main] DEBUG org.springframework.test.context.cache - Spring test ApplicationContext cache statistics: [DefaultContextCache@5767b2af size = 1, maxSize = 32, parentContextCount = 0, hitCount = 29, missCount = 1]
19:00:09.846 [main] DEBUG org.springframework.test.context.cache.DefaultCacheAwareContextLoaderDelegate - Retrieved ApplicationContext [1752461090] from cache with key [[MergedContextConfiguration@4690f583 testClass = BandServiceImplIT, locations = '{}', classes = '{}', contextInitializerClasses = '[]', activeProfiles = '{}', propertySourceLocations = '{}', propertySourceProperties = '{}', contextCustomizers = set[org.springframework.boot.test.autoconfigure.actuate.metrics.MetricsExportContextCustomizerFactory$DisableMetricExportContextCustomizer@505fc5a4, org.springframework.boot.test.autoconfigure.properties.PropertyMappingContextCustomizer@0, org.springframework.boot.test.autoconfigure.web.servlet.WebDriverContextCustomizerFactory$Customizer@7c24b813, [ImportsContextCustomizer@59712875 key = [com.epam.brest.service.config.ServiceTestConfig]], org.springframework.boot.test.context.filter.ExcludeFilterContextCustomizer@659499f1, org.springframework.boot.test.json.DuplicateJsonObjectContextCustomizerFactory$DuplicateJsonObjectContextCustomizer@201a4587, org.springframework.boot.test.mock.mockito.MockitoContextCustomizer@0], contextLoader = 'org.springframework.test.context.support.DelegatingSmartContextLoader', parent = [null]]]
19:00:09.846 [main] DEBUG org.springframework.test.context.cache - Spring test ApplicationContext cache statistics: [DefaultContextCache@5767b2af size = 1, maxSize = 32, parentContextCount = 0, hitCount = 30, missCount = 1]
19:00:09.846 [main] DEBUG org.springframework.test.context.cache.DefaultCacheAwareContextLoaderDelegate - Retrieved ApplicationContext [1752461090] from cache with key [[MergedContextConfiguration@4690f583 testClass = BandServiceImplIT, locations = '{}', classes = '{}', contextInitializerClasses = '[]', activeProfiles = '{}', propertySourceLocations = '{}', propertySourceProperties = '{}', contextCustomizers = set[org.springframework.boot.test.autoconfigure.actuate.metrics.MetricsExportContextCustomizerFactory$DisableMetricExportContextCustomizer@505fc5a4, org.springframework.boot.test.autoconfigure.properties.PropertyMappingContextCustomizer@0, org.springframework.boot.test.autoconfigure.web.servlet.WebDriverContextCustomizerFactory$Customizer@7c24b813, [ImportsContextCustomizer@59712875 key = [com.epam.brest.service.config.ServiceTestConfig]], org.springframework.boot.test.context.filter.ExcludeFilterContextCustomizer@659499f1, org.springframework.boot.test.json.DuplicateJsonObjectContextCustomizerFactory$DuplicateJsonObjectContextCustomizer@201a4587, org.springframework.boot.test.mock.mockito.MockitoContextCustomizer@0], contextLoader = 'org.springframework.test.context.support.DelegatingSmartContextLoader', parent = [null]]]
19:00:09.846 [main] DEBUG org.springframework.test.context.cache - Spring test ApplicationContext cache statistics: [DefaultContextCache@5767b2af size = 1, maxSize = 32, parentContextCount = 0, hitCount = 31, missCount = 1]
19:00:09.847 [main] DEBUG org.springframework.jdbc.datasource.DataSourceTransactionManager - Initiating transaction rollback
19:00:09.847 [main] DEBUG org.springframework.jdbc.datasource.DataSourceTransactionManager - Rolling back JDBC transaction on Connection [conn3: url=jdbc:h2:mem:testdb user=SA]
19:00:09.847 [main] DEBUG org.springframework.jdbc.datasource.DataSourceTransactionManager - Releasing JDBC Connection [conn3: url=jdbc:h2:mem:testdb user=SA] after transaction
19:00:09.848 [main] INFO org.springframework.test.context.transaction.TransactionContext - Rolled back transaction for test: [DefaultTestContext@72ed9aad testClass = BandServiceImplIT, testInstance = com.epam.brest.service.impl.BandServiceImplIT@12a160c2, testMethod = testFindAll@BandServiceImplIT, testException = [null], mergedContextConfiguration = [MergedContextConfiguration@4690f583 testClass = BandServiceImplIT, locations = '{}', classes = '{}', contextInitializerClasses = '[]', activeProfiles = '{}', propertySourceLocations = '{}', propertySourceProperties = '{}', contextCustomizers = set[org.springframework.boot.test.autoconfigure.actuate.metrics.MetricsExportContextCustomizerFactory$DisableMetricExportContextCustomizer@505fc5a4, org.springframework.boot.test.autoconfigure.properties.PropertyMappingContextCustomizer@0, org.springframework.boot.test.autoconfigure.web.servlet.WebDriverContextCustomizerFactory$Customizer@7c24b813, [ImportsContextCustomizer@59712875 key = [com.epam.brest.service.config.ServiceTestConfig]], org.springframework.boot.test.context.filter.ExcludeFilterContextCustomizer@659499f1, org.springframework.boot.test.json.DuplicateJsonObjectContextCustomizerFactory$DuplicateJsonObjectContextCustomizer@201a4587, org.springframework.boot.test.mock.mockito.MockitoContextCustomizer@0], contextLoader = 'org.springframework.test.context.support.DelegatingSmartContextLoader', parent = [null]], attributes = map['org.springframework.test.context.event.ApplicationEventsTestExecutionListener.recordApplicationEvents' -> false]]
19:00:09.849 [main] DEBUG org.springframework.test.context.support.AbstractDirtiesContextTestExecutionListener - After test method: context [DefaultTestContext@72ed9aad testClass = BandServiceImplIT, testInstance = com.epam.brest.service.impl.BandServiceImplIT@12a160c2, testMethod = testFindAll@BandServiceImplIT, testException = [null], mergedContextConfiguration = [MergedContextConfiguration@4690f583 testClass = BandServiceImplIT, locations = '{}', classes = '{}', contextInitializerClasses = '[]', activeProfiles = '{}', propertySourceLocations = '{}', propertySourceProperties = '{}', contextCustomizers = set[org.springframework.boot.test.autoconfigure.actuate.metrics.MetricsExportContextCustomizerFactory$DisableMetricExportContextCustomizer@505fc5a4, org.springframework.boot.test.autoconfigure.properties.PropertyMappingContextCustomizer@0, org.springframework.boot.test.autoconfigure.web.servlet.WebDriverContextCustomizerFactory$Customizer@7c24b813, [ImportsContextCustomizer@59712875 key = [com.epam.brest.service.config.ServiceTestConfig]], org.springframework.boot.test.context.filter.ExcludeFilterContextCustomizer@659499f1, org.springframework.boot.test.json.DuplicateJsonObjectContextCustomizerFactory$DuplicateJsonObjectContextCustomizer@201a4587, org.springframework.boot.test.mock.mockito.MockitoContextCustomizer@0], contextLoader = 'org.springframework.test.context.support.DelegatingSmartContextLoader', parent = [null]], attributes = map['org.springframework.test.context.event.ApplicationEventsTestExecutionListener.recordApplicationEvents' -> false]], class annotated with @DirtiesContext [false] with mode [null], method annotated with @DirtiesContext [false] with mode [null].
]]></system-out>
  </testcase>
  <testcase name="testShouldCount" classname="com.epam.brest.service.impl.BandServiceImplIT" time="0.021">
    <system-out><![CDATA[19:00:09.855 [main] DEBUG org.springframework.test.context.support.DependencyInjectionTestExecutionListener - Performing dependency injection for test context [[DefaultTestContext@72ed9aad testClass = BandServiceImplIT, testInstance = com.epam.brest.service.impl.BandServiceImplIT@6b3871d6, testMethod = [null], testException = [null], mergedContextConfiguration = [MergedContextConfiguration@4690f583 testClass = BandServiceImplIT, locations = '{}', classes = '{}', contextInitializerClasses = '[]', activeProfiles = '{}', propertySourceLocations = '{}', propertySourceProperties = '{}', contextCustomizers = set[org.springframework.boot.test.autoconfigure.actuate.metrics.MetricsExportContextCustomizerFactory$DisableMetricExportContextCustomizer@505fc5a4, org.springframework.boot.test.autoconfigure.properties.PropertyMappingContextCustomizer@0, org.springframework.boot.test.autoconfigure.web.servlet.WebDriverContextCustomizerFactory$Customizer@7c24b813, [ImportsContextCustomizer@59712875 key = [com.epam.brest.service.config.ServiceTestConfig]], org.springframework.boot.test.context.filter.ExcludeFilterContextCustomizer@659499f1, org.springframework.boot.test.json.DuplicateJsonObjectContextCustomizerFactory$DuplicateJsonObjectContextCustomizer@201a4587, org.springframework.boot.test.mock.mockito.MockitoContextCustomizer@0], contextLoader = 'org.springframework.test.context.support.DelegatingSmartContextLoader', parent = [null]], attributes = map['org.springframework.test.context.event.ApplicationEventsTestExecutionListener.recordApplicationEvents' -> false]]].
19:00:09.855 [main] DEBUG org.springframework.test.context.cache.DefaultCacheAwareContextLoaderDelegate - Retrieved ApplicationContext [1752461090] from cache with key [[MergedContextConfiguration@4690f583 testClass = BandServiceImplIT, locations = '{}', classes = '{}', contextInitializerClasses = '[]', activeProfiles = '{}', propertySourceLocations = '{}', propertySourceProperties = '{}', contextCustomizers = set[org.springframework.boot.test.autoconfigure.actuate.metrics.MetricsExportContextCustomizerFactory$DisableMetricExportContextCustomizer@505fc5a4, org.springframework.boot.test.autoconfigure.properties.PropertyMappingContextCustomizer@0, org.springframework.boot.test.autoconfigure.web.servlet.WebDriverContextCustomizerFactory$Customizer@7c24b813, [ImportsContextCustomizer@59712875 key = [com.epam.brest.service.config.ServiceTestConfig]], org.springframework.boot.test.context.filter.ExcludeFilterContextCustomizer@659499f1, org.springframework.boot.test.json.DuplicateJsonObjectContextCustomizerFactory$DuplicateJsonObjectContextCustomizer@201a4587, org.springframework.boot.test.mock.mockito.MockitoContextCustomizer@0], contextLoader = 'org.springframework.test.context.support.DelegatingSmartContextLoader', parent = [null]]]
19:00:09.855 [main] DEBUG org.springframework.test.context.cache - Spring test ApplicationContext cache statistics: [DefaultContextCache@5767b2af size = 1, maxSize = 32, parentContextCount = 0, hitCount = 32, missCount = 1]
19:00:09.856 [main] DEBUG org.springframework.test.context.cache.DefaultCacheAwareContextLoaderDelegate - Retrieved ApplicationContext [1752461090] from cache with key [[MergedContextConfiguration@4690f583 testClass = BandServiceImplIT, locations = '{}', classes = '{}', contextInitializerClasses = '[]', activeProfiles = '{}', propertySourceLocations = '{}', propertySourceProperties = '{}', contextCustomizers = set[org.springframework.boot.test.autoconfigure.actuate.metrics.MetricsExportContextCustomizerFactory$DisableMetricExportContextCustomizer@505fc5a4, org.springframework.boot.test.autoconfigure.properties.PropertyMappingContextCustomizer@0, org.springframework.boot.test.autoconfigure.web.servlet.WebDriverContextCustomizerFactory$Customizer@7c24b813, [ImportsContextCustomizer@59712875 key = [com.epam.brest.service.config.ServiceTestConfig]], org.springframework.boot.test.context.filter.ExcludeFilterContextCustomizer@659499f1, org.springframework.boot.test.json.DuplicateJsonObjectContextCustomizerFactory$DuplicateJsonObjectContextCustomizer@201a4587, org.springframework.boot.test.mock.mockito.MockitoContextCustomizer@0], contextLoader = 'org.springframework.test.context.support.DelegatingSmartContextLoader', parent = [null]]]
19:00:09.856 [main] DEBUG org.springframework.test.context.cache - Spring test ApplicationContext cache statistics: [DefaultContextCache@5767b2af size = 1, maxSize = 32, parentContextCount = 0, hitCount = 33, missCount = 1]
19:00:09.857 [main] DEBUG org.springframework.test.context.support.AbstractDirtiesContextTestExecutionListener - Before test method: context [DefaultTestContext@72ed9aad testClass = BandServiceImplIT, testInstance = com.epam.brest.service.impl.BandServiceImplIT@6b3871d6, testMethod = testShouldCount@BandServiceImplIT, testException = [null], mergedContextConfiguration = [MergedContextConfiguration@4690f583 testClass = BandServiceImplIT, locations = '{}', classes = '{}', contextInitializerClasses = '[]', activeProfiles = '{}', propertySourceLocations = '{}', propertySourceProperties = '{}', contextCustomizers = set[org.springframework.boot.test.autoconfigure.actuate.metrics.MetricsExportContextCustomizerFactory$DisableMetricExportContextCustomizer@505fc5a4, org.springframework.boot.test.autoconfigure.properties.PropertyMappingContextCustomizer@0, org.springframework.boot.test.autoconfigure.web.servlet.WebDriverContextCustomizerFactory$Customizer@7c24b813, [ImportsContextCustomizer@59712875 key = [com.epam.brest.service.config.ServiceTestConfig]], org.springframework.boot.test.context.filter.ExcludeFilterContextCustomizer@659499f1, org.springframework.boot.test.json.DuplicateJsonObjectContextCustomizerFactory$DuplicateJsonObjectContextCustomizer@201a4587, org.springframework.boot.test.mock.mockito.MockitoContextCustomizer@0], contextLoader = 'org.springframework.test.context.support.DelegatingSmartContextLoader', parent = [null]], attributes = map['org.springframework.test.context.event.ApplicationEventsTestExecutionListener.recordApplicationEvents' -> false]], class annotated with @DirtiesContext [false] with mode [null], method annotated with @DirtiesContext [false] with mode [null].
19:00:09.858 [main] DEBUG org.springframework.test.context.transaction.TransactionalTestExecutionListener - Explicit transaction definition [PROPAGATION_REQUIRED,ISOLATION_DEFAULT] found for test context [DefaultTestContext@72ed9aad testClass = BandServiceImplIT, testInstance = com.epam.brest.service.impl.BandServiceImplIT@6b3871d6, testMethod = testShouldCount@BandServiceImplIT, testException = [null], mergedContextConfiguration = [MergedContextConfiguration@4690f583 testClass = BandServiceImplIT, locations = '{}', classes = '{}', contextInitializerClasses = '[]', activeProfiles = '{}', propertySourceLocations = '{}', propertySourceProperties = '{}', contextCustomizers = set[org.springframework.boot.test.autoconfigure.actuate.metrics.MetricsExportContextCustomizerFactory$DisableMetricExportContextCustomizer@505fc5a4, org.springframework.boot.test.autoconfigure.properties.PropertyMappingContextCustomizer@0, org.springframework.boot.test.autoconfigure.web.servlet.WebDriverContextCustomizerFactory$Customizer@7c24b813, [ImportsContextCustomizer@59712875 key = [com.epam.brest.service.config.ServiceTestConfig]], org.springframework.boot.test.context.filter.ExcludeFilterContextCustomizer@659499f1, org.springframework.boot.test.json.DuplicateJsonObjectContextCustomizerFactory$DuplicateJsonObjectContextCustomizer@201a4587, org.springframework.boot.test.mock.mockito.MockitoContextCustomizer@0], contextLoader = 'org.springframework.test.context.support.DelegatingSmartContextLoader', parent = [null]], attributes = map['org.springframework.test.context.event.ApplicationEventsTestExecutionListener.recordApplicationEvents' -> false]]
19:00:09.858 [main] DEBUG org.springframework.test.context.cache.DefaultCacheAwareContextLoaderDelegate - Retrieved ApplicationContext [1752461090] from cache with key [[MergedContextConfiguration@4690f583 testClass = BandServiceImplIT, locations = '{}', classes = '{}', contextInitializerClasses = '[]', activeProfiles = '{}', propertySourceLocations = '{}', propertySourceProperties = '{}', contextCustomizers = set[org.springframework.boot.test.autoconfigure.actuate.metrics.MetricsExportContextCustomizerFactory$DisableMetricExportContextCustomizer@505fc5a4, org.springframework.boot.test.autoconfigure.properties.PropertyMappingContextCustomizer@0, org.springframework.boot.test.autoconfigure.web.servlet.WebDriverContextCustomizerFactory$Customizer@7c24b813, [ImportsContextCustomizer@59712875 key = [com.epam.brest.service.config.ServiceTestConfig]], org.springframework.boot.test.context.filter.ExcludeFilterContextCustomizer@659499f1, org.springframework.boot.test.json.DuplicateJsonObjectContextCustomizerFactory$DuplicateJsonObjectContextCustomizer@201a4587, org.springframework.boot.test.mock.mockito.MockitoContextCustomizer@0], contextLoader = 'org.springframework.test.context.support.DelegatingSmartContextLoader', parent = [null]]]
19:00:09.858 [main] DEBUG org.springframework.test.context.cache - Spring test ApplicationContext cache statistics: [DefaultContextCache@5767b2af size = 1, maxSize = 32, parentContextCount = 0, hitCount = 34, missCount = 1]
19:00:09.858 [main] DEBUG org.springframework.test.context.transaction.TransactionalTestExecutionListener - Retrieved default @Rollback(true) for test class [com.epam.brest.service.impl.BandServiceImplIT].
[...]
19:00:09.915 [main] DEBUG org.springframework.test.context.transaction.TransactionalTestExecutionListener - No method-level @Rollback override: using default rollback [true] for test context [DefaultTestContext@72ed9aad testClass = BandServiceImplIT, testInstance = com.epam.brest.service.impl.BandServiceImplIT@d1a10ac, testMethod = testUpdate@BandServiceImplIT, testException = [null], mergedContextConfiguration = [MergedContextConfiguration@4690f583 testClass = BandServiceImplIT, locations = '{}', classes = '{}', contextInitializerClasses = '[]', activeProfiles = '{}', propertySourceLocations = '{}', propertySourceProperties = '{}', contextCustomizers = set[org.springframework.boot.test.autoconfigure.actuate.metrics.MetricsExportContextCustomizerFactory$DisableMetricExportContextCustomizer@505fc5a4, org.springframework.boot.test.autoconfigure.properties.PropertyMappingContextCustomizer@0, org.springframework.boot.test.autoconfigure.web.servlet.WebDriverContextCustomizerFactory$Customizer@7c24b813, [ImportsContextCustomizer@59712875 key = [com.epam.brest.service.config.ServiceTestConfig]], org.springframework.boot.test.context.filter.ExcludeFilterContextCustomizer@659499f1, org.springframework.boot.test.json.DuplicateJsonObjectContextCustomizerFactory$DuplicateJsonObjectContextCustomizer@201a4587, org.springframework.boot.test.mock.mockito.MockitoContextCustomizer@0], contextLoader = 'org.springframework.test.context.support.DelegatingSmartContextLoader', parent = [null]], attributes = map['org.springframework.test.context.event.ApplicationEventsTestExecutionListener.recordApplicationEvents' -> false]].
19:00:09.915 [main] DEBUG org.springframework.jdbc.datasource.DataSourceTransactionManager - Creating new transaction with name [com.epam.brest.service.impl.BandServiceImplIT.testUpdate]: PROPAGATION_REQUIRED,ISOLATION_DEFAULT
19:00:09.915 [main] DEBUG org.springframework.jdbc.datasource.SimpleDriverDataSource - Creating new JDBC Driver Connection to [jdbc:h2:mem:testdb;DB_CLOSE_DELAY=-1;DB_CLOSE_ON_EXIT=false]
19:00:09.915 [main] DEBUG org.springframework.jdbc.datasource.DataSourceTransactionManager - Acquired Connection [conn8: url=jdbc:h2:mem:testdb user=SA] for JDBC transaction
19:00:09.916 [main] DEBUG org.springframework.jdbc.datasource.DataSourceTransactionManager - Switching JDBC Connection [conn8: url=jdbc:h2:mem:testdb user=SA] to manual commit
19:00:09.916 [main] INFO org.springframework.test.context.transaction.TransactionContext - Began transaction (1) for test context [DefaultTestContext@72ed9aad testClass = BandServiceImplIT, testInstance = com.epam.brest.service.impl.BandServiceImplIT@d1a10ac, testMethod = testUpdate@BandServiceImplIT, testException = [null], mergedContextConfiguration = [MergedContextConfiguration@4690f583 testClass = BandServiceImplIT, locations = '{}', classes = '{}', contextInitializerClasses = '[]', activeProfiles = '{}', propertySourceLocations = '{}', propertySourceProperties = '{}', contextCustomizers = set[org.springframework.boot.test.autoconfigure.actuate.metrics.MetricsExportContextCustomizerFactory$DisableMetricExportContextCustomizer@505fc5a4, org.springframework.boot.test.autoconfigure.properties.PropertyMappingContextCustomizer@0, org.springframework.boot.test.autoconfigure.web.servlet.WebDriverContextCustomizerFactory$Customizer@7c24b813, [ImportsContextCustomizer@59712875 key = [com.epam.brest.service.config.ServiceTestConfig]], org.springframework.boot.test.context.filter.ExcludeFilterContextCustomizer@659499f1, org.springframework.boot.test.json.DuplicateJsonObjectContextCustomizerFactory$DuplicateJsonObjectContextCustomizer@201a4587, org.springframework.boot.test.mock.mockito.MockitoContextCustomizer@0], contextLoader = 'org.springframework.test.context.support.DelegatingSmartContextLoader', parent = [null]], attributes = map['org.springframework.test.context.event.ApplicationEventsTestExecutionListener.recordApplicationEvents' -> false]]; transaction manager [org.springframework.jdbc.datasource.DataSourceTransactionManager@2f6bcf87]; rollback [true]
19:00:09.916 [main] DEBUG org.springframework.test.context.cache.DefaultCacheAwareContextLoaderDelegate - Retrieved ApplicationContext [1752461090] from cache with key [[MergedContextConfiguration@4690f583 testClass = BandServiceImplIT, locations = '{}', classes = '{}', contextInitializerClasses = '[]', activeProfiles = '{}', propertySourceLocations = '{}', propertySourceProperties = '{}', contextCustomizers = set[org.springframework.boot.test.autoconfigure.actuate.metrics.MetricsExportContextCustomizerFactory$DisableMetricExportContextCustomizer@505fc5a4, org.springframework.boot.test.autoconfigure.properties.PropertyMappingContextCustomizer@0, org.springframework.boot.test.autoconfigure.web.servlet.WebDriverContextCustomizerFactory$Customizer@7c24b813, [ImportsContextCustomizer@59712875 key = [com.epam.brest.service.config.ServiceTestConfig]], org.springframework.boot.test.context.filter.ExcludeFilterContextCustomizer@659499f1, org.springframework.boot.test.json.DuplicateJsonObjectContextCustomizerFactory$DuplicateJsonObjectContextCustomizer@201a4587, org.springframework.boot.test.mock.mockito.MockitoContextCustomizer@0], contextLoader = 'org.springframework.test.context.support.DelegatingSmartContextLoader', parent = [null]]]
19:00:09.916 [main] DEBUG org.springframework.test.context.cache - Spring test ApplicationContext cache statistics: [DefaultContextCache@5767b2af size = 1, maxSize = 32, parentContextCount = 0, hitCount = 75, missCount = 1]
19:00:09.917 [main] DEBUG org.springframework.test.context.cache.DefaultCacheAwareContextLoaderDelegate - Retrieved ApplicationContext [1752461090] from cache with key [[MergedContextConfiguration@4690f583 testClass = BandServiceImplIT, locations = '{}', classes = '{}', contextInitializerClasses = '[]', activeProfiles = '{}', propertySourceLocations = '{}', propertySourceProperties = '{}', contextCustomizers = set[org.springframework.boot.test.autoconfigure.actuate.metrics.MetricsExportContextCustomizerFactory$DisableMetricExportContextCustomizer@505fc5a4, org.springframework.boot.test.autoconfigure.properties.PropertyMappingContextCustomizer@0, org.springframework.boot.test.autoconfigure.web.servlet.WebDriverContextCustomizerFactory$Customizer@7c24b813, [ImportsContextCustomizer@59712875 key = [com.epam.brest.service.config.ServiceTestConfig]], org.springframework.boot.test.context.filter.ExcludeFilterContextCustomizer@659499f1, org.springframework.boot.test.json.DuplicateJsonObjectContextCustomizerFactory$DuplicateJsonObjectContextCustomizer@201a4587, org.springframework.boot.test.mock.mockito.MockitoContextCustomizer@0], contextLoader = 'org.springframework.test.context.support.DelegatingSmartContextLoader', parent = [null]]]
19:00:09.917 [main] DEBUG org.springframework.test.context.cache - Spring test ApplicationContext cache statistics: [DefaultContextCache@5767b2af size = 1, maxSize = 32, parentContextCount = 0, hitCount = 76, missCount = 1]
19:00:09.917 [main] DEBUG com.epam.brest.service.impl.BandServiceImplIT - Band service execute test: testUpdate()
19:00:09.917 [main] DEBUG com.epam.brest.service.impl.BandServiceImpl - Get band by id = 1
19:00:09.917 [main] DEBUG com.epam.brest.dao.BandDaoJdbcImpl - Get band by id = 1
19:00:09.917 [main] DEBUG org.springframework.jdbc.core.JdbcTemplate - Executing prepared SQL query
19:00:09.917 [main] DEBUG org.springframework.jdbc.core.JdbcTemplate - Executing prepared SQL statement [SELECT * FROM band WHERE band_id = ?]
19:00:09.917 [main] DEBUG com.epam.brest.dao.BandDaoJdbcImpl - Start: band mapRow
19:00:09.918 [main] DEBUG com.epam.brest.service.impl.BandServiceImpl - update(Band{bandId=1, bandName='MY COVER BAND#', bandDetails='Alternative&metal#'})
19:00:09.918 [main] DEBUG com.epam.brest.dao.BandDaoJdbcImpl - Update band: Band{bandId=1, bandName='MY COVER BAND#', bandDetails='Alternative&metal#'}
19:00:09.918 [main] DEBUG org.springframework.jdbc.core.JdbcTemplate - Executing prepared SQL update
19:00:09.918 [main] DEBUG org.springframework.jdbc.core.JdbcTemplate - Executing prepared SQL statement [UPDATE band SET band_name = ?, band_details =? WHERE band_id = ?]
19:00:09.919 [main] DEBUG com.epam.brest.service.impl.BandServiceImpl - Get band by id = 1
19:00:09.919 [main] DEBUG com.epam.brest.dao.BandDaoJdbcImpl - Get band by id = 1
19:00:09.919 [main] DEBUG org.springframework.jdbc.core.JdbcTemplate - Executing prepared SQL query
19:00:09.919 [main] DEBUG org.springframework.jdbc.core.JdbcTemplate - Executing prepared SQL statement [SELECT * FROM band WHERE band_id = ?]
19:00:09.919 [main] DEBUG com.epam.brest.dao.BandDaoJdbcImpl - Start: band mapRow
19:00:09.919 [main] DEBUG org.springframework.test.context.cache.DefaultCacheAwareContextLoaderDelegate - Retrieved ApplicationContext [1752461090] from cache with key [[MergedContextConfiguration@4690f583 testClass = BandServiceImplIT, locations = '{}', classes = '{}', contextInitializerClasses = '[]', activeProfiles = '{}', propertySourceLocations = '{}', propertySourceProperties = '{}', contextCustomizers = set[org.springframework.boot.test.autoconfigure.actuate.metrics.MetricsExportContextCustomizerFactory$DisableMetricExportContextCustomizer@505fc5a4, org.springframework.boot.test.autoconfigure.properties.PropertyMappingContextCustomizer@0, org.springframework.boot.test.autoconfigure.web.servlet.WebDriverContextCustomizerFactory$Customizer@7c24b813, [ImportsContextCustomizer@59712875 key = [com.epam.brest.service.config.ServiceTestConfig]], org.springframework.boot.test.context.filter.ExcludeFilterContextCustomizer@659499f1, org.springframework.boot.test.json.DuplicateJsonObjectContextCustomizerFactory$DuplicateJsonObjectContextCustomizer@201a4587, org.springframework.boot.test.mock.mockito.MockitoContextCustomizer@0], contextLoader = 'org.springframework.test.context.support.DelegatingSmartContextLoader', parent = [null]]]
19:00:09.919 [main] DEBUG org.springframework.test.context.cache - Spring test ApplicationContext cache statistics: [DefaultContextCache@5767b2af size = 1, maxSize = 32, parentContextCount = 0, hitCount = 77, missCount = 1]
19:00:09.920 [main] DEBUG org.springframework.test.context.cache.DefaultCacheAwareContextLoaderDelegate - Retrieved ApplicationContext [1752461090] from cache with key [[MergedContextConfiguration@4690f583 testClass = BandServiceImplIT, locations = '{}', classes = '{}', contextInitializerClasses = '[]', activeProfiles = '{}', propertySourceLocations = '{}', propertySourceProperties = '{}', contextCustomizers = set[org.springframework.boot.test.autoconfigure.actuate.metrics.MetricsExportContextCustomizerFactory$DisableMetricExportContextCustomizer@505fc5a4, org.springframework.boot.test.autoconfigure.properties.PropertyMappingContextCustomizer@0, org.springframework.boot.test.autoconfigure.web.servlet.WebDriverContextCustomizerFactory$Customizer@7c24b813, [ImportsContextCustomizer@59712875 key = [com.epam.brest.service.config.ServiceTestConfig]], org.springframework.boot.test.context.filter.ExcludeFilterContextCustomizer@659499f1, org.springframework.boot.test.json.DuplicateJsonObjectContextCustomizerFactory$DuplicateJsonObjectContextCustomizer@201a4587, org.springframework.boot.test.mock.mockito.MockitoContextCustomizer@0], contextLoader = 'org.springframework.test.context.support.DelegatingSmartContextLoader', parent = [null]]]
19:00:09.920 [main] DEBUG org.springframework.test.context.cache - Spring test ApplicationContext cache statistics: [DefaultContextCache@5767b2af size = 1, maxSize = 32, parentContextCount = 0, hitCount = 78, missCount = 1]
19:00:09.920 [main] DEBUG org.springframework.test.context.cache.DefaultCacheAwareContextLoaderDelegate - Retrieved ApplicationContext [1752461090] from cache with key [[MergedContextConfiguration@4690f583 testClass = BandServiceImplIT, locations = '{}', classes = '{}', contextInitializerClasses = '[]', activeProfiles = '{}', propertySourceLocations = '{}', propertySourceProperties = '{}', contextCustomizers = set[org.springframework.boot.test.autoconfigure.actuate.metrics.MetricsExportContextCustomizerFactory$DisableMetricExportContextCustomizer@505fc5a4, org.springframework.boot.test.autoconfigure.properties.PropertyMappingContextCustomizer@0, org.springframework.boot.test.autoconfigure.web.servlet.WebDriverContextCustomizerFactory$Customizer@7c24b813, [ImportsContextCustomizer@59712875 key = [com.epam.brest.service.config.ServiceTestConfig]], org.springframework.boot.test.context.filter.ExcludeFilterContextCustomizer@659499f1, org.springframework.boot.test.json.DuplicateJsonObjectContextCustomizerFactory$DuplicateJsonObjectContextCustomizer@201a4587, org.springframework.boot.test.mock.mockito.MockitoContextCustomizer@0], contextLoader = 'org.springframework.test.context.support.DelegatingSmartContextLoader', parent = [null]]]
19:00:09.920 [main] DEBUG org.springframework.test.context.cache - Spring test ApplicationContext cache statistics: [DefaultContextCache@5767b2af size = 1, maxSize = 32, parentContextCount = 0, hitCount = 79, missCount = 1]
19:00:09.920 [main] DEBUG org.springframework.test.context.cache.DefaultCacheAwareContextLoaderDelegate - Retrieved ApplicationContext [1752461090] from cache with key [[MergedContextConfiguration@4690f583 testClass = BandServiceImplIT, locations = '{}', classes = '{}', contextInitializerClasses = '[]', activeProfiles = '{}', propertySourceLocations = '{}', propertySourceProperties = '{}', contextCustomizers = set[org.springframework.boot.test.autoconfigure.actuate.metrics.MetricsExportContextCustomizerFactory$DisableMetricExportContextCustomizer@505fc5a4, org.springframework.boot.test.autoconfigure.properties.PropertyMappingContextCustomizer@0, org.springframework.boot.test.autoconfigure.web.servlet.WebDriverContextCustomizerFactory$Customizer@7c24b813, [ImportsContextCustomizer@59712875 key = [com.epam.brest.service.config.ServiceTestConfig]], org.springframework.boot.test.context.filter.ExcludeFilterContextCustomizer@659499f1, org.springframework.boot.test.json.DuplicateJsonObjectContextCustomizerFactory$DuplicateJsonObjectContextCustomizer@201a4587, org.springframework.boot.test.mock.mockito.MockitoContextCustomizer@0], contextLoader = 'org.springframework.test.context.support.DelegatingSmartContextLoader', parent = [null]]]
19:00:09.920 [main] DEBUG org.springframework.test.context.cache - Spring test ApplicationContext cache statistics: [DefaultContextCache@5767b2af size = 1, maxSize = 32, parentContextCount = 0, hitCount = 80, missCount = 1]
19:00:09.921 [main] DEBUG org.springframework.test.context.cache.DefaultCacheAwareContextLoaderDelegate - Retrieved ApplicationContext [1752461090] from cache with key [[MergedContextConfiguration@4690f583 testClass = BandServiceImplIT, locations = '{}', classes = '{}', contextInitializerClasses = '[]', activeProfiles = '{}', propertySourceLocations = '{}', propertySourceProperties = '{}', contextCustomizers = set[org.springframework.boot.test.autoconfigure.actuate.metrics.MetricsExportContextCustomizerFactory$DisableMetricExportContextCustomizer@505fc5a4, org.springframework.boot.test.autoconfigure.properties.PropertyMappingContextCustomizer@0, org.springframework.boot.test.autoconfigure.web.servlet.WebDriverContextCustomizerFactory$Customizer@7c24b813, [ImportsContextCustomizer@59712875 key = [com.epam.brest.service.config.ServiceTestConfig]], org.springframework.boot.test.context.filter.ExcludeFilterContextCustomizer@659499f1, org.springframework.boot.test.json.DuplicateJsonObjectContextCustomizerFactory$DuplicateJsonObjectContextCustomizer@201a4587, org.springframework.boot.test.mock.mockito.MockitoContextCustomizer@0], contextLoader = 'org.springframework.test.context.support.DelegatingSmartContextLoader', parent = [null]]]
19:00:09.921 [main] DEBUG org.springframework.test.context.cache - Spring test ApplicationContext cache statistics: [DefaultContextCache@5767b2af size = 1, maxSize = 32, parentContextCount = 0, hitCount = 81, missCount = 1]
19:00:09.921 [main] DEBUG org.springframework.jdbc.datasource.DataSourceTransactionManager - Initiating transaction rollback
19:00:09.921 [main] DEBUG org.springframework.jdbc.datasource.DataSourceTransactionManager - Rolling back JDBC transaction on Connection [conn8: url=jdbc:h2:mem:testdb user=SA]
19:00:09.921 [main] DEBUG org.springframework.jdbc.datasource.DataSourceTransactionManager - Releasing JDBC Connection [conn8: url=jdbc:h2:mem:testdb user=SA] after transaction
19:00:09.922 [main] INFO org.springframework.test.context.transaction.TransactionContext - Rolled back transaction for test: [DefaultTestContext@72ed9aad testClass = BandServiceImplIT, testInstance = com.epam.brest.service.impl.BandServiceImplIT@d1a10ac, testMethod = testUpdate@BandServiceImplIT, testException = [null], mergedContextConfiguration = [MergedContextConfiguration@4690f583 testClass = BandServiceImplIT, locations = '{}', classes = '{}', contextInitializerClasses = '[]', activeProfiles = '{}', propertySourceLocations = '{}', propertySourceProperties = '{}', contextCustomizers = set[org.springframework.boot.test.autoconfigure.actuate.metrics.MetricsExportContextCustomizerFactory$DisableMetricExportContextCustomizer@505fc5a4, org.springframework.boot.test.autoconfigure.properties.PropertyMappingContextCustomizer@0, org.springframework.boot.test.autoconfigure.web.servlet.WebDriverContextCustomizerFactory$Customizer@7c24b813, [ImportsContextCustomizer@59712875 key = [com.epam.brest.service.config.ServiceTestConfig]], org.springframework.boot.test.context.filter.ExcludeFilterContextCustomizer@659499f1, org.springframework.boot.test.json.DuplicateJsonObjectContextCustomizerFactory$DuplicateJsonObjectContextCustomizer@201a4587, org.springframework.boot.test.mock.mockito.MockitoContextCustomizer@0], contextLoader = 'org.springframework.test.context.support.DelegatingSmartContextLoader', parent = [null]], attributes = map['org.springframework.test.context.event.ApplicationEventsTestExecutionListener.recordApplicationEvents' -> false]]
19:00:09.922 [main] DEBUG org.springframework.test.context.support.AbstractDirtiesContextTestExecutionListener - After test method: context [DefaultTestContext@72ed9aad testClass = BandServiceImplIT, testInstance = com.epam.brest.service.impl.BandServiceImplIT@d1a10ac, testMethod = testUpdate@BandServiceImplIT, testException = [null], mergedContextConfiguration = [MergedContextConfiguration@4690f583 testClass = BandServiceImplIT, locations = '{}', classes = '{}', contextInitializerClasses = '[]', activeProfiles = '{}', propertySourceLocations = '{}', propertySourceProperties = '{}', contextCustomizers = set[org.springframework.boot.test.autoconfigure.actuate.metrics.MetricsExportContextCustomizerFactory$DisableMetricExportContextCustomizer@505fc5a4, org.springframework.boot.test.autoconfigure.properties.PropertyMappingContextCustomizer@0, org.springframework.boot.test.autoconfigure.web.servlet.WebDriverContextCustomizerFactory$Customizer@7c24b813, [ImportsContextCustomizer@59712875 key = [com.epam.brest.service.config.ServiceTestConfig]], org.springframework.boot.test.context.filter.ExcludeFilterContextCustomizer@659499f1, org.springframework.boot.test.json.DuplicateJsonObjectContextCustomizerFactory$DuplicateJsonObjectContextCustomizer@201a4587, org.springframework.boot.test.mock.mockito.MockitoContextCustomizer@0], contextLoader = 'org.springframework.test.context.support.DelegatingSmartContextLoader', parent = [null]], attributes = map['org.springframework.test.context.event.ApplicationEventsTestExecutionListener.recordApplicationEvents' -> false]], class annotated with @DirtiesContext [false] with mode [null], method annotated with @DirtiesContext [false] with mode [null].
]]></system-out>
  </testcase>
</testsuite>