<?xml version="1.0" encoding="UTF-8"?>
<testsuite xmlns:xsi="http://www.w3.org/2001/XMLSchema-instance" xsi:noNamespaceSchemaLocation="https://maven.apache.org/surefire/maven-surefire-plugin/xsd/surefire-test-report-3.0.xsd" version="3.0" name="com.epam.brest.rest.TrackDtoControllerTest" time="0.072" tests="2" errors="0" skipped="0" failures="0">
  <properties>
[...]
</properties>
  <testcase name="shouldFindAllTracksWithBandName" classname="com.epam.brest.rest.TrackDtoControllerTest" time="0.045">
    <system-out><![CDATA[19:00:11.758 [main] DEBUG _org.springframework.web.servlet.HandlerMapping.Mappings - 
	c.e.b.r.TrackDtoController:
	{GET [/tracks_dto]}: findAllTracksWithBandName()
	{GET [/repertoire/filter]}: findAllTracksWithReleaseDateFilter(LocalDate,LocalDate)
19:00:11.759 [main] DEBUG org.springframework.web.servlet.mvc.method.annotation.RequestMappingHandlerMapping - 2 mappings in org.springframework.web.servlet.mvc.method.annotation.RequestMappingHandlerMapping
19:00:11.761 [main] DEBUG org.springframework.web.servlet.mvc.method.annotation.RequestMappingHandlerAdapter - ControllerAdvice beans: 0 @ModelAttribute, 0 @InitBinder, 1 RequestBodyAdvice, 1 ResponseBodyAdvice
19:00:11.762 [main] DEBUG org.springframework.web.servlet.mvc.method.annotation.ExceptionHandlerExceptionResolver - ControllerAdvice beans: 0 @ExceptionHandler, 1 ResponseBodyAdvice
19:00:11.762 [main] INFO org.springframework.mock.web.MockServletContext - Initializing Spring TestDispatcherServlet ''
19:00:11.763 [main] INFO org.springframework.test.web.servlet.TestDispatcherServlet - Initializing Servlet ''
19:00:11.763 [main] DEBUG org.springframework.test.web.servlet.TestDispatcherServlet - Detected AcceptHeaderLocaleResolver
19:00:11.763 [main] DEBUG org.springframework.test.web.servlet.TestDispatcherServlet - Detected FixedThemeResolver
19:00:11.763 [main] DEBUG org.springframework.test.web.servlet.TestDispatcherServlet - Detected org.springframework.web.servlet.view.DefaultRequestToViewNameTranslator@4745e9c
19:00:11.763 [main] DEBUG org.springframework.test.web.servlet.TestDispatcherServlet - Detected org.springframework.web.servlet.support.SessionFlashMapManager@2f2bff16
19:00:11.763 [main] DEBUG org.springframework.test.web.servlet.TestDispatcherServlet - enableLoggingRequestDetails='false': request parameters and headers will be masked to prevent unsafe logging of potentially sensitive data
19:00:11.763 [main] INFO org.springframework.test.web.servlet.TestDispatcherServlet - Completed initialization in 0 ms
19:00:11.763 [main] DEBUG com.epam.brest.rest.TrackDtoControllerTest - findAllTracksWithBandName()
19:00:11.766 [main] DEBUG org.springframework.test.web.servlet.TestDispatcherServlet - GET "/tracks_dto", parameters={}
19:00:11.766 [main] DEBUG org.springframework.web.servlet.mvc.method.annotation.RequestMappingHandlerMapping - Mapped to com.epam.brest.rest.TrackDtoController#findAllTracksWithBandName()
19:00:11.766 [main] DEBUG com.epam.brest.rest.TrackDtoController - trackDto()
19:00:11.767 [main] DEBUG org.springframework.web.servlet.mvc.method.annotation.RequestResponseBodyMethodProcessor - Using 'application/json', given [*/*] and supported [application/json, application/*+json]
19:00:11.777 [main] DEBUG org.springframework.web.servlet.mvc.method.annotation.RequestResponseBodyMethodProcessor - Writing [[Track{trackId=0, trackName='track0', trackBandName='band0', trackTempo='null', trackDuration='10000 (truncated)...]
19:00:11.782 [main] DEBUG org.springframework.test.web.servlet.TestDispatcherServlet - Completed 200 OK

MockHttpServletRequest:
      HTTP Method = GET
      Request URI = /tracks_dto
       Parameters = {}
          Headers = []
             Body = <no character encoding set>
    Session Attrs = {}

Handler:
             Type = com.epam.brest.rest.TrackDtoController
           Method = com.epam.brest.rest.TrackDtoController#findAllTracksWithBandName()

Async:
    Async started = false
     Async result = null

Resolved Exception:
             Type = null

ModelAndView:
        View name = null
             View = null
            Model = null

FlashMap:
       Attributes = null

MockHttpServletResponse:
           Status = 200
    Error message = null
          Headers = [Vary:"Origin", "Access-Control-Request-Method", "Access-Control-Request-Headers", Content-Type:"application/json"]
     Content type = application/json
             Body = [{"trackId":0,"trackName":"track0","trackBandName":"band0","trackTempo":null,"trackDuration":10000,"trackDetails":"track0details0","trackLink":"link0","trackReleaseDate":"2012-03-12"},{"trackId":1,"trackName":"track1","trackBandName":"band1","trackTempo":null,"trackDuration":10001,"trackDetails":"track1details1","trackLink":"link1","trackReleaseDate":"2013-03-12"}]
    Forwarded URL = null
   Redirected URL = null
          Cookies = []
19:00:11.784 [main] DEBUG com.jayway.jsonpath.internal.path.CompiledPath - Evaluating path: $[0]['trackId']
19:00:11.784 [main] DEBUG com.jayway.jsonpath.internal.path.CompiledPath - Evaluating path: $[0]['trackName']
19:00:11.785 [main] DEBUG com.jayway.jsonpath.internal.path.CompiledPath - Evaluating path: $[0]['trackDetails']
19:00:11.785 [main] DEBUG com.jayway.jsonpath.internal.path.CompiledPath - Evaluating path: $[0]['trackDuration']
19:00:11.785 [main] DEBUG com.jayway.jsonpath.internal.path.CompiledPath - Evaluating path: $[0]['trackBandName']
19:00:11.785 [main] DEBUG com.jayway.jsonpath.internal.path.CompiledPath - Evaluating path: $[0]['trackLink']
19:00:11.785 [main] DEBUG com.jayway.jsonpath.internal.path.CompiledPath - Evaluating path: $[0]['trackReleaseDate']
19:00:11.785 [main] DEBUG com.jayway.jsonpath.internal.path.CompiledPath - Evaluating path: $[1]['trackId']
19:00:11.786 [main] DEBUG com.jayway.jsonpath.internal.path.CompiledPath - Evaluating path: $[1]['trackName']
19:00:11.786 [main] DEBUG com.jayway.jsonpath.internal.path.CompiledPath - Evaluating path: $[1]['trackDetails']
19:00:11.786 [main] DEBUG com.jayway.jsonpath.internal.path.CompiledPath - Evaluating path: $[1]['trackDuration']
19:00:11.786 [main] DEBUG com.jayway.jsonpath.internal.path.CompiledPath - Evaluating path: $[1]['trackBandName']
19:00:11.786 [main] DEBUG com.jayway.jsonpath.internal.path.CompiledPath - Evaluating path: $[1]['trackLink']
19:00:11.786 [main] DEBUG com.jayway.jsonpath.internal.path.CompiledPath - Evaluating path: $[1]['trackReleaseDate']
]]></system-out>
  </testcase>
  <testcase name="shouldFindAllTracksWithReleaseDateFilter" classname="com.epam.brest.rest.TrackDtoControllerTest" time="0.025">
    <system-out><![CDATA[19:00:11.791 [main] DEBUG _org.springframework.web.servlet.HandlerMapping.Mappings - 
	c.e.b.r.TrackDtoController:
	{GET [/tracks_dto]}: findAllTracksWithBandName()
	{GET [/repertoire/filter]}: findAllTracksWithReleaseDateFilter(LocalDate,LocalDate)
19:00:11.791 [main] DEBUG org.springframework.web.servlet.mvc.method.annotation.RequestMappingHandlerMapping - 2 mappings in org.springframework.web.servlet.mvc.method.annotation.RequestMappingHandlerMapping
19:00:11.793 [main] DEBUG org.springframework.web.servlet.mvc.method.annotation.RequestMappingHandlerAdapter - ControllerAdvice beans: 0 @ModelAttribute, 0 @InitBinder, 1 RequestBodyAdvice, 1 ResponseBodyAdvice
19:00:11.794 [main] DEBUG org.springframework.web.servlet.mvc.method.annotation.ExceptionHandlerExceptionResolver - ControllerAdvice beans: 0 @ExceptionHandler, 1 ResponseBodyAdvice
19:00:11.794 [main] INFO org.springframework.mock.web.MockServletContext - Initializing Spring TestDispatcherServlet ''
19:00:11.794 [main] INFO org.springframework.test.web.servlet.TestDispatcherServlet - Initializing Servlet ''
19:00:11.794 [main] DEBUG org.springframework.test.web.servlet.TestDispatcherServlet - Detected AcceptHeaderLocaleResolver
19:00:11.794 [main] DEBUG org.springframework.test.web.servlet.TestDispatcherServlet - Detected FixedThemeResolver
19:00:11.794 [main] DEBUG org.springframework.test.web.servlet.TestDispatcherServlet - Detected org.springframework.web.servlet.view.DefaultRequestToViewNameTranslator@ff23ae7
19:00:11.794 [main] DEBUG org.springframework.test.web.servlet.TestDispatcherServlet - Detected org.springframework.web.servlet.support.SessionFlashMapManager@423b2b62
19:00:11.794 [main] DEBUG org.springframework.test.web.servlet.TestDispatcherServlet - enableLoggingRequestDetails='false': request parameters and headers will be masked to prevent unsafe logging of potentially sensitive data
19:00:11.794 [main] INFO org.springframework.test.web.servlet.TestDispatcherServlet - Completed initialization in 0 ms
19:00:11.795 [main] DEBUG com.epam.brest.rest.TrackDtoControllerTest - shouldFindAllTracksWithReleaseDateFilter()
19:00:11.796 [main] DEBUG org.springframework.test.web.servlet.TestDispatcherServlet - GET "/repertoire/filter", parameters={}
19:00:11.796 [main] DEBUG org.springframework.web.servlet.mvc.method.annotation.RequestMappingHandlerMapping - Mapped to com.epam.brest.rest.TrackDtoController#findAllTracksWithReleaseDateFilter(LocalDate, LocalDate)
19:00:11.805 [main] DEBUG com.epam.brest.rest.TrackDtoController - filterTrackByReleaseDate(null,null)
19:00:11.807 [main] DEBUG org.springframework.web.servlet.mvc.method.annotation.RequestResponseBodyMethodProcessor - Using 'application/json', given [*/*] and supported [application/json, application/*+json]
19:00:11.807 [main] DEBUG org.springframework.web.servlet.mvc.method.annotation.RequestResponseBodyMethodProcessor - Writing [[Track{trackId=0, trackName='track0', trackBandName='band0', trackTempo='null', trackDuration='10000 (truncated)...]
19:00:11.808 [main] DEBUG org.springframework.test.web.servlet.TestDispatcherServlet - Completed 200 OK

MockHttpServletRequest:
      HTTP Method = GET
      Request URI = /repertoire/filter
       Parameters = {}
          Headers = []
             Body = <no character encoding set>
    Session Attrs = {}

Handler:
             Type = com.epam.brest.rest.TrackDtoController
           Method = com.epam.brest.rest.TrackDtoController#findAllTracksWithReleaseDateFilter(LocalDate, LocalDate)

Async:
    Async started = false
     Async result = null

Resolved Exception:
             Type = null

ModelAndView:
        View name = null
             View = null
            Model = null

FlashMap:
       Attributes = null

MockHttpServletResponse:
           Status = 200
    Error message = null
          Headers = [Vary:"Origin", "Access-Control-Request-Method", "Access-Control-Request-Headers", Content-Type:"application/json"]
     Content type = application/json
             Body = [{"trackId":0,"trackName":"track0","trackBandName":"band0","trackTempo":null,"trackDuration":10000,"trackDetails":"track0details0","trackLink":"link0","trackReleaseDate":"2012-03-12"},{"trackId":1,"trackName":"track1","trackBandName":"band1","trackTempo":null,"trackDuration":10001,"trackDetails":"track1details1","trackLink":"link1","trackReleaseDate":"2013-03-12"}]
    Forwarded URL = null
   Redirected URL = null
          Cookies = []
19:00:11.810 [main] DEBUG com.jayway.jsonpath.internal.path.CompiledPath - Evaluating path: $[0]['trackId']
19:00:11.810 [main] DEBUG com.jayway.jsonpath.internal.path.CompiledPath - Evaluating path: $[0]['trackName']
19:00:11.810 [main] DEBUG com.jayway.jsonpath.internal.path.CompiledPath - Evaluating path: $[0]['trackDetails']
19:00:11.810 [main] DEBUG com.jayway.jsonpath.internal.path.CompiledPath - Evaluating path: $[0]['trackDuration']
19:00:11.810 [main] DEBUG com.jayway.jsonpath.internal.path.CompiledPath - Evaluating path: $[0]['trackBandName']
19:00:11.810 [main] DEBUG com.jayway.jsonpath.internal.path.CompiledPath - Evaluating path: $[0]['trackLink']
19:00:11.811 [main] DEBUG com.jayway.jsonpath.internal.path.CompiledPath - Evaluating path: $[0]['trackReleaseDate']
19:00:11.811 [main] DEBUG com.jayway.jsonpath.internal.path.CompiledPath - Evaluating path: $[1]['trackId']
19:00:11.811 [main] DEBUG com.jayway.jsonpath.internal.path.CompiledPath - Evaluating path: $[1]['trackName']
19:00:11.811 [main] DEBUG com.jayway.jsonpath.internal.path.CompiledPath - Evaluating path: $[1]['trackDetails']
19:00:11.811 [main] DEBUG com.jayway.jsonpath.internal.path.CompiledPath - Evaluating path: $[1]['trackDuration']
19:00:11.811 [main] DEBUG com.jayway.jsonpath.internal.path.CompiledPath - Evaluating path: $[1]['trackBandName']
19:00:11.811 [main] DEBUG com.jayway.jsonpath.internal.path.CompiledPath - Evaluating path: $[1]['trackLink']
19:00:11.811 [main] DEBUG com.jayway.jsonpath.internal.path.CompiledPath - Evaluating path: $[1]['trackReleaseDate']
]]></system-out>
  </testcase>
</testsuite>